2024-10-06 14:21:09,884 [Worker-7: Loading available Gradle versions] INFO  o.e.b.c.i.u.g.PublishedGradleVersions - Gradle version information cache is out-of-date. Trying to update.
2024-10-07 12:01:53,182 [Worker-6: Loading available Gradle versions] INFO  o.e.b.c.i.u.g.PublishedGradleVersions - Gradle version information cache is up-to-date. Trying to read.
2024-10-07 17:10:14,368 [Worker-1: Loading available Gradle versions] INFO  o.e.b.c.i.u.g.PublishedGradleVersions - Gradle version information cache is up-to-date. Trying to read.
2024-10-07 17:28:24,754 [Worker-7: Loading available Gradle versions] INFO  o.e.b.c.i.u.g.PublishedGradleVersions - Gradle version information cache is up-to-date. Trying to read.
2024-10-07 17:29:27,958 [Worker-6: Loading available Gradle versions] INFO  o.e.b.c.i.u.g.PublishedGradleVersions - Gradle version information cache is up-to-date. Trying to read.
2024-10-07 17:36:41,007 [Worker-10: Launching mavenrun-9b3d9e56-c4d5-4564-a753-fc717b46911a] INFO  o.eclipse.m2e.core.internal.Bundles - getClasspathEntries(Bundle=org.eclipse.m2e.maven.runtime_3.9.600.20231203-1234 [1623])
2024-10-07 17:36:41,008 [Worker-10: Launching mavenrun-9b3d9e56-c4d5-4564-a753-fc717b46911a] INFO  o.eclipse.m2e.core.internal.Bundles - 	Entry: /Users/prakashpradhan/.p2/pool/plugins/org.eclipse.m2e.maven.runtime_3.9.600.20231203-1234
2024-10-07 17:36:41,008 [Worker-10: Launching mavenrun-9b3d9e56-c4d5-4564-a753-fc717b46911a] INFO  o.eclipse.m2e.core.internal.Bundles - 	Entry: /Users/prakashpradhan/.p2/pool/plugins/org.eclipse.m2e.maven.runtime_3.9.600.20231203-1234/jars/aopalliance-1.0.jar
2024-10-07 17:36:41,008 [Worker-10: Launching mavenrun-9b3d9e56-c4d5-4564-a753-fc717b46911a] INFO  o.eclipse.m2e.core.internal.Bundles - 	Entry: /Users/prakashpradhan/.p2/pool/plugins/org.eclipse.m2e.maven.runtime_3.9.600.20231203-1234/jars/guice-5.1.0.jar
2024-10-07 17:36:41,008 [Worker-10: Launching mavenrun-9b3d9e56-c4d5-4564-a753-fc717b46911a] INFO  o.eclipse.m2e.core.internal.Bundles - 	Entry: /Users/prakashpradhan/.p2/pool/plugins/org.eclipse.m2e.maven.runtime_3.9.600.20231203-1234/jars/httpclient-4.5.14.jar
2024-10-07 17:36:41,009 [Worker-10: Launching mavenrun-9b3d9e56-c4d5-4564-a753-fc717b46911a] INFO  o.eclipse.m2e.core.internal.Bundles - 	Entry: /Users/prakashpradhan/.p2/pool/plugins/org.eclipse.m2e.maven.runtime_3.9.600.20231203-1234/jars/httpcore-4.4.16.jar
2024-10-07 17:36:41,009 [Worker-10: Launching mavenrun-9b3d9e56-c4d5-4564-a753-fc717b46911a] INFO  o.eclipse.m2e.core.internal.Bundles - 	Entry: /Users/prakashpradhan/.p2/pool/plugins/org.eclipse.m2e.maven.runtime_3.9.600.20231203-1234/jars/jansi-2.4.0.jar
2024-10-07 17:36:41,009 [Worker-10: Launching mavenrun-9b3d9e56-c4d5-4564-a753-fc717b46911a] INFO  o.eclipse.m2e.core.internal.Bundles - 	Entry: /Users/prakashpradhan/.p2/pool/plugins/org.eclipse.m2e.maven.runtime_3.9.600.20231203-1234/jars/jcl-over-slf4j-1.7.36.jar
2024-10-07 17:36:41,009 [Worker-10: Launching mavenrun-9b3d9e56-c4d5-4564-a753-fc717b46911a] INFO  o.eclipse.m2e.core.internal.Bundles - 	Entry: /Users/prakashpradhan/.p2/pool/plugins/org.eclipse.m2e.maven.runtime_3.9.600.20231203-1234/jars/maven-artifact-3.9.6.jar
2024-10-07 17:36:41,009 [Worker-10: Launching mavenrun-9b3d9e56-c4d5-4564-a753-fc717b46911a] INFO  o.eclipse.m2e.core.internal.Bundles - 	Entry: /Users/prakashpradhan/.p2/pool/plugins/org.eclipse.m2e.maven.runtime_3.9.600.20231203-1234/jars/maven-builder-support-3.9.6.jar
2024-10-07 17:36:41,009 [Worker-10: Launching mavenrun-9b3d9e56-c4d5-4564-a753-fc717b46911a] INFO  o.eclipse.m2e.core.internal.Bundles - 	Entry: /Users/prakashpradhan/.p2/pool/plugins/org.eclipse.m2e.maven.runtime_3.9.600.20231203-1234/jars/maven-compat-3.9.6.jar
2024-10-07 17:36:41,009 [Worker-10: Launching mavenrun-9b3d9e56-c4d5-4564-a753-fc717b46911a] INFO  o.eclipse.m2e.core.internal.Bundles - 	Entry: /Users/prakashpradhan/.p2/pool/plugins/org.eclipse.m2e.maven.runtime_3.9.600.20231203-1234/jars/maven-core-3.9.6.jar
2024-10-07 17:36:41,009 [Worker-10: Launching mavenrun-9b3d9e56-c4d5-4564-a753-fc717b46911a] INFO  o.eclipse.m2e.core.internal.Bundles - 	Entry: /Users/prakashpradhan/.p2/pool/plugins/org.eclipse.m2e.maven.runtime_3.9.600.20231203-1234/jars/maven-embedder-3.9.6.jar
2024-10-07 17:36:41,009 [Worker-10: Launching mavenrun-9b3d9e56-c4d5-4564-a753-fc717b46911a] INFO  o.eclipse.m2e.core.internal.Bundles - 	Entry: /Users/prakashpradhan/.p2/pool/plugins/org.eclipse.m2e.maven.runtime_3.9.600.20231203-1234/jars/maven-model-3.9.6.jar
2024-10-07 17:36:41,009 [Worker-10: Launching mavenrun-9b3d9e56-c4d5-4564-a753-fc717b46911a] INFO  o.eclipse.m2e.core.internal.Bundles - 	Entry: /Users/prakashpradhan/.p2/pool/plugins/org.eclipse.m2e.maven.runtime_3.9.600.20231203-1234/jars/maven-model-builder-3.9.6.jar
2024-10-07 17:36:41,009 [Worker-10: Launching mavenrun-9b3d9e56-c4d5-4564-a753-fc717b46911a] INFO  o.eclipse.m2e.core.internal.Bundles - 	Entry: /Users/prakashpradhan/.p2/pool/plugins/org.eclipse.m2e.maven.runtime_3.9.600.20231203-1234/jars/maven-plugin-api-3.9.6.jar
2024-10-07 17:36:41,009 [Worker-10: Launching mavenrun-9b3d9e56-c4d5-4564-a753-fc717b46911a] INFO  o.eclipse.m2e.core.internal.Bundles - 	Entry: /Users/prakashpradhan/.p2/pool/plugins/org.eclipse.m2e.maven.runtime_3.9.600.20231203-1234/jars/maven-repository-metadata-3.9.6.jar
2024-10-07 17:36:41,009 [Worker-10: Launching mavenrun-9b3d9e56-c4d5-4564-a753-fc717b46911a] INFO  o.eclipse.m2e.core.internal.Bundles - 	Entry: /Users/prakashpradhan/.p2/pool/plugins/org.eclipse.m2e.maven.runtime_3.9.600.20231203-1234/jars/maven-resolver-api-1.9.18.jar
2024-10-07 17:36:41,009 [Worker-10: Launching mavenrun-9b3d9e56-c4d5-4564-a753-fc717b46911a] INFO  o.eclipse.m2e.core.internal.Bundles - 	Entry: /Users/prakashpradhan/.p2/pool/plugins/org.eclipse.m2e.maven.runtime_3.9.600.20231203-1234/jars/maven-resolver-connector-basic-1.9.18.jar
2024-10-07 17:36:41,009 [Worker-10: Launching mavenrun-9b3d9e56-c4d5-4564-a753-fc717b46911a] INFO  o.eclipse.m2e.core.internal.Bundles - 	Entry: /Users/prakashpradhan/.p2/pool/plugins/org.eclipse.m2e.maven.runtime_3.9.600.20231203-1234/jars/maven-resolver-impl-1.9.18.jar
2024-10-07 17:36:41,009 [Worker-10: Launching mavenrun-9b3d9e56-c4d5-4564-a753-fc717b46911a] INFO  o.eclipse.m2e.core.internal.Bundles - 	Entry: /Users/prakashpradhan/.p2/pool/plugins/org.eclipse.m2e.maven.runtime_3.9.600.20231203-1234/jars/maven-resolver-named-locks-1.9.18.jar
2024-10-07 17:36:41,009 [Worker-10: Launching mavenrun-9b3d9e56-c4d5-4564-a753-fc717b46911a] INFO  o.eclipse.m2e.core.internal.Bundles - 	Entry: /Users/prakashpradhan/.p2/pool/plugins/org.eclipse.m2e.maven.runtime_3.9.600.20231203-1234/jars/maven-resolver-provider-3.9.6.jar
2024-10-07 17:36:41,009 [Worker-10: Launching mavenrun-9b3d9e56-c4d5-4564-a753-fc717b46911a] INFO  o.eclipse.m2e.core.internal.Bundles - 	Entry: /Users/prakashpradhan/.p2/pool/plugins/org.eclipse.m2e.maven.runtime_3.9.600.20231203-1234/jars/maven-resolver-spi-1.9.18.jar
2024-10-07 17:36:41,009 [Worker-10: Launching mavenrun-9b3d9e56-c4d5-4564-a753-fc717b46911a] INFO  o.eclipse.m2e.core.internal.Bundles - 	Entry: /Users/prakashpradhan/.p2/pool/plugins/org.eclipse.m2e.maven.runtime_3.9.600.20231203-1234/jars/maven-resolver-transport-file-1.9.18.jar
2024-10-07 17:36:41,009 [Worker-10: Launching mavenrun-9b3d9e56-c4d5-4564-a753-fc717b46911a] INFO  o.eclipse.m2e.core.internal.Bundles - 	Entry: /Users/prakashpradhan/.p2/pool/plugins/org.eclipse.m2e.maven.runtime_3.9.600.20231203-1234/jars/maven-resolver-transport-http-1.9.18.jar
2024-10-07 17:36:41,009 [Worker-10: Launching mavenrun-9b3d9e56-c4d5-4564-a753-fc717b46911a] INFO  o.eclipse.m2e.core.internal.Bundles - 	Entry: /Users/prakashpradhan/.p2/pool/plugins/org.eclipse.m2e.maven.runtime_3.9.600.20231203-1234/jars/maven-resolver-transport-wagon-1.9.18.jar
2024-10-07 17:36:41,009 [Worker-10: Launching mavenrun-9b3d9e56-c4d5-4564-a753-fc717b46911a] INFO  o.eclipse.m2e.core.internal.Bundles - 	Entry: /Users/prakashpradhan/.p2/pool/plugins/org.eclipse.m2e.maven.runtime_3.9.600.20231203-1234/jars/maven-resolver-util-1.9.18.jar
2024-10-07 17:36:41,009 [Worker-10: Launching mavenrun-9b3d9e56-c4d5-4564-a753-fc717b46911a] INFO  o.eclipse.m2e.core.internal.Bundles - 	Entry: /Users/prakashpradhan/.p2/pool/plugins/org.eclipse.m2e.maven.runtime_3.9.600.20231203-1234/jars/maven-settings-3.9.6.jar
2024-10-07 17:36:41,009 [Worker-10: Launching mavenrun-9b3d9e56-c4d5-4564-a753-fc717b46911a] INFO  o.eclipse.m2e.core.internal.Bundles - 	Entry: /Users/prakashpradhan/.p2/pool/plugins/org.eclipse.m2e.maven.runtime_3.9.600.20231203-1234/jars/maven-settings-builder-3.9.6.jar
2024-10-07 17:36:41,009 [Worker-10: Launching mavenrun-9b3d9e56-c4d5-4564-a753-fc717b46911a] INFO  o.eclipse.m2e.core.internal.Bundles - 	Entry: /Users/prakashpradhan/.p2/pool/plugins/org.eclipse.m2e.maven.runtime_3.9.600.20231203-1234/jars/maven-shared-utils-3.3.4.jar
2024-10-07 17:36:41,009 [Worker-10: Launching mavenrun-9b3d9e56-c4d5-4564-a753-fc717b46911a] INFO  o.eclipse.m2e.core.internal.Bundles - 	Entry: /Users/prakashpradhan/.p2/pool/plugins/org.eclipse.m2e.maven.runtime_3.9.600.20231203-1234/jars/org.eclipse.sisu.inject-0.9.0.M2.jar
2024-10-07 17:36:41,009 [Worker-10: Launching mavenrun-9b3d9e56-c4d5-4564-a753-fc717b46911a] INFO  o.eclipse.m2e.core.internal.Bundles - 	Entry: /Users/prakashpradhan/.p2/pool/plugins/org.eclipse.m2e.maven.runtime_3.9.600.20231203-1234/jars/org.eclipse.sisu.plexus-0.9.0.M2.jar
2024-10-07 17:36:41,009 [Worker-10: Launching mavenrun-9b3d9e56-c4d5-4564-a753-fc717b46911a] INFO  o.eclipse.m2e.core.internal.Bundles - 	Entry: /Users/prakashpradhan/.p2/pool/plugins/org.eclipse.m2e.maven.runtime_3.9.600.20231203-1234/jars/plexus-build-api-0.0.7.jar
2024-10-07 17:36:41,010 [Worker-10: Launching mavenrun-9b3d9e56-c4d5-4564-a753-fc717b46911a] INFO  o.eclipse.m2e.core.internal.Bundles - 	Entry: /Users/prakashpradhan/.p2/pool/plugins/org.eclipse.m2e.maven.runtime_3.9.600.20231203-1234/jars/plexus-cipher-2.0.jar
2024-10-07 17:36:41,010 [Worker-10: Launching mavenrun-9b3d9e56-c4d5-4564-a753-fc717b46911a] INFO  o.eclipse.m2e.core.internal.Bundles - 	Entry: /Users/prakashpradhan/.p2/pool/plugins/org.eclipse.m2e.maven.runtime_3.9.600.20231203-1234/jars/plexus-classworlds-2.7.0.jar
2024-10-07 17:36:41,010 [Worker-10: Launching mavenrun-9b3d9e56-c4d5-4564-a753-fc717b46911a] INFO  o.eclipse.m2e.core.internal.Bundles - 	Entry: /Users/prakashpradhan/.p2/pool/plugins/org.eclipse.m2e.maven.runtime_3.9.600.20231203-1234/jars/plexus-component-annotations-2.1.0.jar
2024-10-07 17:36:41,010 [Worker-10: Launching mavenrun-9b3d9e56-c4d5-4564-a753-fc717b46911a] INFO  o.eclipse.m2e.core.internal.Bundles - 	Entry: /Users/prakashpradhan/.p2/pool/plugins/org.eclipse.m2e.maven.runtime_3.9.600.20231203-1234/jars/plexus-interpolation-1.26.jar
2024-10-07 17:36:41,010 [Worker-10: Launching mavenrun-9b3d9e56-c4d5-4564-a753-fc717b46911a] INFO  o.eclipse.m2e.core.internal.Bundles - 	Entry: /Users/prakashpradhan/.p2/pool/plugins/org.eclipse.m2e.maven.runtime_3.9.600.20231203-1234/jars/plexus-sec-dispatcher-2.0.jar
2024-10-07 17:36:41,010 [Worker-10: Launching mavenrun-9b3d9e56-c4d5-4564-a753-fc717b46911a] INFO  o.eclipse.m2e.core.internal.Bundles - 	Entry: /Users/prakashpradhan/.p2/pool/plugins/org.eclipse.m2e.maven.runtime_3.9.600.20231203-1234/jars/plexus-utils-3.5.1.jar
2024-10-07 17:36:41,010 [Worker-10: Launching mavenrun-9b3d9e56-c4d5-4564-a753-fc717b46911a] INFO  o.eclipse.m2e.core.internal.Bundles - 	Entry: /Users/prakashpradhan/.p2/pool/plugins/org.eclipse.m2e.maven.runtime_3.9.600.20231203-1234/jars/wagon-file-3.5.3.jar
2024-10-07 17:36:41,010 [Worker-10: Launching mavenrun-9b3d9e56-c4d5-4564-a753-fc717b46911a] INFO  o.eclipse.m2e.core.internal.Bundles - 	Entry: /Users/prakashpradhan/.p2/pool/plugins/org.eclipse.m2e.maven.runtime_3.9.600.20231203-1234/jars/wagon-http-3.5.3.jar
2024-10-07 17:36:41,010 [Worker-10: Launching mavenrun-9b3d9e56-c4d5-4564-a753-fc717b46911a] INFO  o.eclipse.m2e.core.internal.Bundles - 	Entry: /Users/prakashpradhan/.p2/pool/plugins/org.eclipse.m2e.maven.runtime_3.9.600.20231203-1234/jars/wagon-http-shared-3.5.3.jar
2024-10-07 17:36:41,010 [Worker-10: Launching mavenrun-9b3d9e56-c4d5-4564-a753-fc717b46911a] INFO  o.eclipse.m2e.core.internal.Bundles - 	Entry: /Users/prakashpradhan/.p2/pool/plugins/org.eclipse.m2e.maven.runtime_3.9.600.20231203-1234/jars/wagon-provider-api-3.5.3.jar
2024-10-07 17:36:41,010 [Worker-10: Launching mavenrun-9b3d9e56-c4d5-4564-a753-fc717b46911a] INFO  o.eclipse.m2e.core.internal.Bundles - getClasspathEntries(Bundle=com.google.guava_33.0.0.jre [1007])
2024-10-07 17:36:41,010 [Worker-10: Launching mavenrun-9b3d9e56-c4d5-4564-a753-fc717b46911a] INFO  o.eclipse.m2e.core.internal.Bundles - 	Entry: /Users/prakashpradhan/.p2/pool/plugins/com.google.guava_33.0.0.jre.jar
2024-10-07 17:36:41,010 [Worker-10: Launching mavenrun-9b3d9e56-c4d5-4564-a753-fc717b46911a] INFO  o.eclipse.m2e.core.internal.Bundles - getClasspathEntries(Bundle=slf4j.api_2.0.12 [1985])
2024-10-07 17:36:41,011 [Worker-10: Launching mavenrun-9b3d9e56-c4d5-4564-a753-fc717b46911a] INFO  o.eclipse.m2e.core.internal.Bundles - 	Entry: /Users/prakashpradhan/.p2/pool/plugins/slf4j.api_2.0.12.jar
2024-10-07 17:36:41,011 [Worker-10: Launching mavenrun-9b3d9e56-c4d5-4564-a753-fc717b46911a] INFO  o.eclipse.m2e.core.internal.Bundles - getClasspathEntries(Bundle=jakarta.inject.jakarta.inject-api_1.0.5 [1025])
2024-10-07 17:36:41,011 [Worker-10: Launching mavenrun-9b3d9e56-c4d5-4564-a753-fc717b46911a] INFO  o.eclipse.m2e.core.internal.Bundles - 	Entry: /Users/prakashpradhan/.p2/pool/plugins/jakarta.inject.jakarta.inject-api_1.0.5.jar
2024-10-07 17:36:41,011 [Worker-10: Launching mavenrun-9b3d9e56-c4d5-4564-a753-fc717b46911a] INFO  o.eclipse.m2e.core.internal.Bundles - getClasspathEntries(Bundle=jakarta.annotation-api_1.3.5 [1020])
2024-10-07 17:36:41,011 [Worker-10: Launching mavenrun-9b3d9e56-c4d5-4564-a753-fc717b46911a] INFO  o.eclipse.m2e.core.internal.Bundles - 	Entry: /Users/prakashpradhan/.p2/pool/plugins/jakarta.annotation-api_1.3.5.jar
2024-10-07 17:36:41,011 [Worker-10: Launching mavenrun-9b3d9e56-c4d5-4564-a753-fc717b46911a] INFO  o.eclipse.m2e.core.internal.Bundles - getClasspathEntries(Bundle=org.apache.commons.cli_1.6.0 [1068])
2024-10-07 17:36:41,011 [Worker-10: Launching mavenrun-9b3d9e56-c4d5-4564-a753-fc717b46911a] INFO  o.eclipse.m2e.core.internal.Bundles - 	Entry: /Users/prakashpradhan/.p2/pool/plugins/org.apache.commons.cli_1.6.0.jar
2024-10-07 17:36:41,011 [Worker-10: Launching mavenrun-9b3d9e56-c4d5-4564-a753-fc717b46911a] INFO  o.eclipse.m2e.core.internal.Bundles - getClasspathEntries(Bundle=org.apache.commons.commons-codec_1.16.0 [1071])
2024-10-07 17:36:41,011 [Worker-10: Launching mavenrun-9b3d9e56-c4d5-4564-a753-fc717b46911a] INFO  o.eclipse.m2e.core.internal.Bundles - 	Entry: /Users/prakashpradhan/.p2/pool/plugins/org.apache.commons.commons-codec_1.16.0.jar
2024-10-07 17:36:41,011 [Worker-10: Launching mavenrun-9b3d9e56-c4d5-4564-a753-fc717b46911a] INFO  o.eclipse.m2e.core.internal.Bundles - getClasspathEntries(Bundle=org.apache.commons.lang3_3.14.0 [1079])
2024-10-07 17:36:41,011 [Worker-10: Launching mavenrun-9b3d9e56-c4d5-4564-a753-fc717b46911a] INFO  o.eclipse.m2e.core.internal.Bundles - 	Entry: /Users/prakashpradhan/.p2/pool/plugins/org.apache.commons.lang3_3.14.0.jar
2024-10-07 17:36:41,011 [Worker-10: Launching mavenrun-9b3d9e56-c4d5-4564-a753-fc717b46911a] INFO  o.eclipse.m2e.core.internal.Bundles - getClasspathEntries(Bundle=com.google.guava.failureaccess_1.0.2 [1008])
2024-10-07 17:36:41,011 [Worker-10: Launching mavenrun-9b3d9e56-c4d5-4564-a753-fc717b46911a] INFO  o.eclipse.m2e.core.internal.Bundles - 	Entry: /Users/prakashpradhan/.p2/pool/plugins/com.google.guava.failureaccess_1.0.2.jar
2024-10-07 17:36:41,015 [Worker-10: Launching mavenrun-9b3d9e56-c4d5-4564-a753-fc717b46911a] INFO  o.e.m.i.launch.MavenLaunchDelegate - Run build in "/var/folders/79/zdmrqn9n2sxd087sxxbpks040000gn/T/m2e-archetypeGenerator16353764065991484211":
2024-10-07 17:36:41,017 [Worker-10: Launching mavenrun-9b3d9e56-c4d5-4564-a753-fc717b46911a] INFO  o.e.m.i.launch.MavenLaunchDelegate -  mvn  -DjavaCompilerVersion=17 -DjunitVersion=5.11.0 -DarchetypeGroupId=org.apache.maven.archetypes -DarchetypeArtifactId=maven-archetype-quickstart -DarchetypeVersion=1.5 -DgroupId=con.it.pradhan -DartifactId=springCore -Dversion=0.0.1-SNAPSHOT -Dpackage=con.it.pradhan.springCore -DoutputDirectory=/Users/prakashpradhan/Documents/java/spring -Dstyle.color=always -U archetype:generate
2024-10-07 17:36:51,925 [Worker-15: Creating maven-archetype-quickstart] INFO  o.e.m.c.i.p.ProjectConfigurationManager - Collecting project info '/pom.xml' /Users/prakashpradhan/Documents/java/spring/springCore/pom.xml
2024-10-07 17:36:52,198 [Worker-15: Creating maven-archetype-quickstart] INFO  o.e.m.c.i.l.LifecycleMappingFactory - Using org.eclipse.m2e.jdt.JarLifecycleMapping lifecycle mapping for MavenProject: con.it.pradhan:springCore:0.0.1-SNAPSHOT @ /Users/prakashpradhan/Documents/java/spring/springCore/pom.xml.
2024-10-07 17:36:52,462 [Worker-15: Creating maven-archetype-quickstart] INFO  o.e.m.j.i.AbstractJavaProjectConfigurator - Adding source folder /springCore/src/main/java
2024-10-07 17:36:52,463 [Worker-15: Creating maven-archetype-quickstart] INFO  o.e.m.j.i.AbstractJavaProjectConfigurator - Adding resource folder /springCore/src/main/resources
2024-10-07 17:36:52,464 [Worker-15: Creating maven-archetype-quickstart] INFO  o.e.m.j.i.AbstractJavaProjectConfigurator - Adding source folder /springCore/src/test/java
2024-10-07 17:36:52,464 [Worker-15: Creating maven-archetype-quickstart] INFO  o.e.m.j.i.AbstractJavaProjectConfigurator - Adding resource folder /springCore/src/test/resources
2024-10-07 17:36:52,638 [Worker-15: Creating maven-archetype-quickstart] INFO  o.e.m.c.i.p.ProjectConfigurationManager - Imported and configured 1 project(s) in 0 sec
2024-10-07 17:36:53,195 [Worker-28: Building] INFO  o.a.m.s.f.DefaultMavenResourcesFiltering - skip non existing resourceDirectory /Users/prakashpradhan/Documents/java/spring/springCore/src/main/resources
2024-10-07 17:36:53,197 [Worker-28: Building] INFO  o.a.m.s.f.DefaultMavenResourcesFiltering - skip non existing resourceDirectory /Users/prakashpradhan/Documents/java/spring/springCore/src/test/resources
2024-10-07 17:40:11,061 [Worker-28: Building] INFO  o.e.m.c.i.l.LifecycleMappingFactory - Using org.eclipse.m2e.jdt.JarLifecycleMapping lifecycle mapping for MavenProject: con.it.pradhan:springCore:0.0.1-SNAPSHOT @ /Users/prakashpradhan/Documents/java/spring/springCore/pom.xml.
2024-10-07 17:40:11,175 [Worker-28: Building] INFO  o.e.m.c.i.e.AbstractTransferListenerAdapter - Downloading https://repo.maven.apache.org/maven2/org/springframework/spring-context/6.1.10/spring-context-6.1.10.pom
2024-10-07 17:40:11,182 [Worker-28: Building] INFO  o.e.m.c.i.e.AbstractTransferListenerAdapter - Downloaded https://repo.maven.apache.org/maven2/org/springframework/spring-context/6.1.10/spring-context-6.1.10.pom
2024-10-07 17:40:11,206 [Worker-28: Building] INFO  o.e.m.c.i.e.AbstractTransferListenerAdapter - Downloading https://repo.maven.apache.org/maven2/org/springframework/spring-aop/6.1.10/spring-aop-6.1.10.pom
2024-10-07 17:40:11,208 [Worker-28: Building] INFO  o.e.m.c.i.e.AbstractTransferListenerAdapter - Downloaded https://repo.maven.apache.org/maven2/org/springframework/spring-aop/6.1.10/spring-aop-6.1.10.pom
2024-10-07 17:40:11,232 [Worker-28: Building] INFO  o.e.m.c.i.e.AbstractTransferListenerAdapter - Downloading https://repo.maven.apache.org/maven2/org/springframework/spring-beans/6.1.10/spring-beans-6.1.10.pom
2024-10-07 17:40:11,234 [Worker-28: Building] INFO  o.e.m.c.i.e.AbstractTransferListenerAdapter - Downloaded https://repo.maven.apache.org/maven2/org/springframework/spring-beans/6.1.10/spring-beans-6.1.10.pom
2024-10-07 17:40:11,270 [Worker-28: Building] INFO  o.e.m.c.i.e.AbstractTransferListenerAdapter - Downloading https://repo.maven.apache.org/maven2/org/springframework/spring-core/6.1.10/spring-core-6.1.10.pom
2024-10-07 17:40:11,271 [Worker-28: Building] INFO  o.e.m.c.i.e.AbstractTransferListenerAdapter - Downloaded https://repo.maven.apache.org/maven2/org/springframework/spring-core/6.1.10/spring-core-6.1.10.pom
2024-10-07 17:40:11,288 [Worker-28: Building] INFO  o.e.m.c.i.e.AbstractTransferListenerAdapter - Downloading https://repo.maven.apache.org/maven2/org/springframework/spring-jcl/6.1.10/spring-jcl-6.1.10.pom
2024-10-07 17:40:11,289 [Worker-28: Building] INFO  o.e.m.c.i.e.AbstractTransferListenerAdapter - Downloaded https://repo.maven.apache.org/maven2/org/springframework/spring-jcl/6.1.10/spring-jcl-6.1.10.pom
2024-10-07 17:40:11,309 [Worker-28: Building] INFO  o.e.m.c.i.e.AbstractTransferListenerAdapter - Downloading https://repo.maven.apache.org/maven2/org/springframework/spring-expression/6.1.10/spring-expression-6.1.10.pom
2024-10-07 17:40:11,312 [Worker-28: Building] INFO  o.e.m.c.i.e.AbstractTransferListenerAdapter - Downloaded https://repo.maven.apache.org/maven2/org/springframework/spring-expression/6.1.10/spring-expression-6.1.10.pom
2024-10-07 17:40:11,332 [Worker-28: Building] INFO  o.e.m.c.i.e.AbstractTransferListenerAdapter - Downloading https://repo.maven.apache.org/maven2/io/micrometer/micrometer-observation/1.12.7/micrometer-observation-1.12.7.pom
2024-10-07 17:40:11,334 [Worker-28: Building] INFO  o.e.m.c.i.e.AbstractTransferListenerAdapter - Downloaded https://repo.maven.apache.org/maven2/io/micrometer/micrometer-observation/1.12.7/micrometer-observation-1.12.7.pom
2024-10-07 17:40:11,349 [Worker-28: Building] INFO  o.e.m.c.i.e.AbstractTransferListenerAdapter - Downloading https://repo.maven.apache.org/maven2/io/micrometer/micrometer-commons/1.12.7/micrometer-commons-1.12.7.pom
2024-10-07 17:40:11,350 [Worker-28: Building] INFO  o.e.m.c.i.e.AbstractTransferListenerAdapter - Downloaded https://repo.maven.apache.org/maven2/io/micrometer/micrometer-commons/1.12.7/micrometer-commons-1.12.7.pom
2024-10-07 17:40:11,381 [Worker-28: Building] INFO  o.e.m.c.i.e.AbstractTransferListenerAdapter - Downloading https://repo.maven.apache.org/maven2/org/springframework/spring-context/6.1.10/spring-context-6.1.10.jar
2024-10-07 17:40:11,618 [Worker-28: Building] INFO  o.e.m.c.i.e.AbstractTransferListenerAdapter - Downloaded https://repo.maven.apache.org/maven2/org/springframework/spring-context/6.1.10/spring-context-6.1.10.jar
2024-10-07 17:40:11,631 [BasicRepositoryConnector-repo.maven.apache.org-0-0] INFO  o.e.m.c.i.e.AbstractTransferListenerAdapter - Downloading https://repo.maven.apache.org/maven2/org/springframework/spring-aop/6.1.10/spring-aop-6.1.10.jar
2024-10-07 17:40:11,676 [BasicRepositoryConnector-repo.maven.apache.org-0-0] INFO  o.e.m.c.i.e.AbstractTransferListenerAdapter - Downloaded https://repo.maven.apache.org/maven2/org/springframework/spring-aop/6.1.10/spring-aop-6.1.10.jar
2024-10-07 17:40:11,707 [BasicRepositoryConnector-repo.maven.apache.org-0-2] INFO  o.e.m.c.i.e.AbstractTransferListenerAdapter - Downloading https://repo.maven.apache.org/maven2/org/springframework/spring-core/6.1.10/spring-core-6.1.10.jar
2024-10-07 17:40:11,707 [BasicRepositoryConnector-repo.maven.apache.org-0-3] INFO  o.e.m.c.i.e.AbstractTransferListenerAdapter - Downloading https://repo.maven.apache.org/maven2/org/springframework/spring-jcl/6.1.10/spring-jcl-6.1.10.jar
2024-10-07 17:40:11,711 [BasicRepositoryConnector-repo.maven.apache.org-0-1] INFO  o.e.m.c.i.e.AbstractTransferListenerAdapter - Downloading https://repo.maven.apache.org/maven2/org/springframework/spring-beans/6.1.10/spring-beans-6.1.10.jar
2024-10-07 17:40:11,711 [BasicRepositoryConnector-repo.maven.apache.org-0-4] INFO  o.e.m.c.i.e.AbstractTransferListenerAdapter - Downloading https://repo.maven.apache.org/maven2/org/springframework/spring-expression/6.1.10/spring-expression-6.1.10.jar
2024-10-07 17:40:11,711 [BasicRepositoryConnector-repo.maven.apache.org-0-0] INFO  o.e.m.c.i.e.AbstractTransferListenerAdapter - Downloading https://repo.maven.apache.org/maven2/io/micrometer/micrometer-observation/1.12.7/micrometer-observation-1.12.7.jar
2024-10-07 17:40:11,734 [BasicRepositoryConnector-repo.maven.apache.org-0-3] INFO  o.e.m.c.i.e.AbstractTransferListenerAdapter - Downloaded https://repo.maven.apache.org/maven2/org/springframework/spring-jcl/6.1.10/spring-jcl-6.1.10.jar
2024-10-07 17:40:11,739 [BasicRepositoryConnector-repo.maven.apache.org-0-0] INFO  o.e.m.c.i.e.AbstractTransferListenerAdapter - Downloaded https://repo.maven.apache.org/maven2/io/micrometer/micrometer-observation/1.12.7/micrometer-observation-1.12.7.jar
2024-10-07 17:40:11,772 [BasicRepositoryConnector-repo.maven.apache.org-0-3] INFO  o.e.m.c.i.e.AbstractTransferListenerAdapter - Downloading https://repo.maven.apache.org/maven2/io/micrometer/micrometer-commons/1.12.7/micrometer-commons-1.12.7.jar
2024-10-07 17:40:11,799 [BasicRepositoryConnector-repo.maven.apache.org-0-3] INFO  o.e.m.c.i.e.AbstractTransferListenerAdapter - Downloaded https://repo.maven.apache.org/maven2/io/micrometer/micrometer-commons/1.12.7/micrometer-commons-1.12.7.jar
2024-10-07 17:40:11,918 [BasicRepositoryConnector-repo.maven.apache.org-0-4] INFO  o.e.m.c.i.e.AbstractTransferListenerAdapter - Downloaded https://repo.maven.apache.org/maven2/org/springframework/spring-expression/6.1.10/spring-expression-6.1.10.jar
2024-10-07 17:40:12,139 [BasicRepositoryConnector-repo.maven.apache.org-0-1] INFO  o.e.m.c.i.e.AbstractTransferListenerAdapter - Downloaded https://repo.maven.apache.org/maven2/org/springframework/spring-beans/6.1.10/spring-beans-6.1.10.jar
2024-10-07 17:40:12,336 [BasicRepositoryConnector-repo.maven.apache.org-0-2] INFO  o.e.m.c.i.e.AbstractTransferListenerAdapter - Downloaded https://repo.maven.apache.org/maven2/org/springframework/spring-core/6.1.10/spring-core-6.1.10.jar
2024-10-07 17:40:12,445 [Worker-28: Building] INFO  o.a.m.s.f.DefaultMavenResourcesFiltering - skip non existing resourceDirectory /Users/prakashpradhan/Documents/java/spring/springCore/src/main/resources
2024-10-07 17:40:12,448 [Worker-28: Building] INFO  o.a.m.s.f.DefaultMavenResourcesFiltering - skip non existing resourceDirectory /Users/prakashpradhan/Documents/java/spring/springCore/src/test/resources
2024-10-07 17:40:13,437 [Worker-30: Download sources and javadoc] INFO  o.e.m.c.i.e.AbstractTransferListenerAdapter - Downloading https://repo.maven.apache.org/maven2/org/springframework/spring-context/6.1.10/spring-context-6.1.10-sources.jar
2024-10-07 17:40:13,530 [Worker-33: Building] INFO  o.a.m.s.f.DefaultMavenResourcesFiltering - skip non existing resourceDirectory /Users/prakashpradhan/Documents/java/spring/springCore/src/main/resources
2024-10-07 17:40:13,531 [Worker-33: Building] INFO  o.a.m.s.f.DefaultMavenResourcesFiltering - skip non existing resourceDirectory /Users/prakashpradhan/Documents/java/spring/springCore/src/test/resources
2024-10-07 17:40:13,690 [Worker-30: Download sources and javadoc] INFO  o.e.m.c.i.e.AbstractTransferListenerAdapter - Downloaded https://repo.maven.apache.org/maven2/org/springframework/spring-context/6.1.10/spring-context-6.1.10-sources.jar
2024-10-07 17:40:13,691 [Worker-30: Download sources and javadoc] INFO  o.e.m.j.internal.DownloadSourcesJob - Downloaded sources for org.springframework:spring-context:6.1.10
2024-10-07 17:40:13,753 [Worker-30: Download sources and javadoc] INFO  o.e.m.c.i.e.AbstractTransferListenerAdapter - Downloading https://repo.maven.apache.org/maven2/org/springframework/spring-aop/6.1.10/spring-aop-6.1.10-sources.jar
2024-10-07 17:40:13,849 [Worker-30: Download sources and javadoc] INFO  o.e.m.c.i.e.AbstractTransferListenerAdapter - Downloaded https://repo.maven.apache.org/maven2/org/springframework/spring-aop/6.1.10/spring-aop-6.1.10-sources.jar
2024-10-07 17:40:13,850 [Worker-30: Download sources and javadoc] INFO  o.e.m.j.internal.DownloadSourcesJob - Downloaded sources for org.springframework:spring-aop:6.1.10
2024-10-07 17:40:13,904 [Worker-30: Download sources and javadoc] INFO  o.e.m.c.i.e.AbstractTransferListenerAdapter - Downloading https://repo.maven.apache.org/maven2/org/springframework/spring-beans/6.1.10/spring-beans-6.1.10-sources.jar
2024-10-07 17:40:14,120 [Worker-30: Download sources and javadoc] INFO  o.e.m.c.i.e.AbstractTransferListenerAdapter - Downloaded https://repo.maven.apache.org/maven2/org/springframework/spring-beans/6.1.10/spring-beans-6.1.10-sources.jar
2024-10-07 17:40:14,121 [Worker-30: Download sources and javadoc] INFO  o.e.m.j.internal.DownloadSourcesJob - Downloaded sources for org.springframework:spring-beans:6.1.10
2024-10-07 17:40:14,172 [Worker-30: Download sources and javadoc] INFO  o.e.m.c.i.e.AbstractTransferListenerAdapter - Downloading https://repo.maven.apache.org/maven2/org/springframework/spring-core/6.1.10/spring-core-6.1.10-sources.jar
2024-10-07 17:40:14,429 [Worker-30: Download sources and javadoc] INFO  o.e.m.c.i.e.AbstractTransferListenerAdapter - Downloaded https://repo.maven.apache.org/maven2/org/springframework/spring-core/6.1.10/spring-core-6.1.10-sources.jar
2024-10-07 17:40:14,431 [Worker-30: Download sources and javadoc] INFO  o.e.m.j.internal.DownloadSourcesJob - Downloaded sources for org.springframework:spring-core:6.1.10
2024-10-07 17:40:14,511 [Worker-30: Download sources and javadoc] INFO  o.e.m.c.i.e.AbstractTransferListenerAdapter - Downloading https://repo.maven.apache.org/maven2/org/springframework/spring-jcl/6.1.10/spring-jcl-6.1.10-sources.jar
2024-10-07 17:40:14,515 [Worker-30: Download sources and javadoc] INFO  o.e.m.c.i.e.AbstractTransferListenerAdapter - Downloaded https://repo.maven.apache.org/maven2/org/springframework/spring-jcl/6.1.10/spring-jcl-6.1.10-sources.jar
2024-10-07 17:40:14,517 [Worker-30: Download sources and javadoc] INFO  o.e.m.j.internal.DownloadSourcesJob - Downloaded sources for org.springframework:spring-jcl:6.1.10
2024-10-07 17:40:14,613 [Worker-30: Download sources and javadoc] INFO  o.e.m.c.i.e.AbstractTransferListenerAdapter - Downloading https://repo.maven.apache.org/maven2/org/springframework/spring-expression/6.1.10/spring-expression-6.1.10-sources.jar
2024-10-07 17:40:14,673 [Worker-30: Download sources and javadoc] INFO  o.e.m.c.i.e.AbstractTransferListenerAdapter - Downloaded https://repo.maven.apache.org/maven2/org/springframework/spring-expression/6.1.10/spring-expression-6.1.10-sources.jar
2024-10-07 17:40:14,675 [Worker-30: Download sources and javadoc] INFO  o.e.m.j.internal.DownloadSourcesJob - Downloaded sources for org.springframework:spring-expression:6.1.10
2024-10-07 17:40:14,746 [Worker-30: Download sources and javadoc] INFO  o.e.m.c.i.e.AbstractTransferListenerAdapter - Downloading https://repo.maven.apache.org/maven2/io/micrometer/micrometer-observation/1.12.7/micrometer-observation-1.12.7-sources.jar
2024-10-07 17:40:14,777 [Worker-30: Download sources and javadoc] INFO  o.e.m.c.i.e.AbstractTransferListenerAdapter - Downloaded https://repo.maven.apache.org/maven2/io/micrometer/micrometer-observation/1.12.7/micrometer-observation-1.12.7-sources.jar
2024-10-07 17:40:14,779 [Worker-30: Download sources and javadoc] INFO  o.e.m.j.internal.DownloadSourcesJob - Downloaded sources for io.micrometer:micrometer-observation:1.12.7
2024-10-07 17:40:14,874 [Worker-30: Download sources and javadoc] INFO  o.e.m.c.i.e.AbstractTransferListenerAdapter - Downloading https://repo.maven.apache.org/maven2/io/micrometer/micrometer-commons/1.12.7/micrometer-commons-1.12.7-sources.jar
2024-10-07 17:40:14,890 [Worker-30: Download sources and javadoc] INFO  o.e.m.c.i.e.AbstractTransferListenerAdapter - Downloaded https://repo.maven.apache.org/maven2/io/micrometer/micrometer-commons/1.12.7/micrometer-commons-1.12.7-sources.jar
2024-10-07 17:40:14,891 [Worker-30: Download sources and javadoc] INFO  o.e.m.j.internal.DownloadSourcesJob - Downloaded sources for io.micrometer:micrometer-commons:1.12.7
2024-10-07 17:42:04,107 [Worker-35: Building] INFO  o.a.m.s.f.DefaultMavenResourcesFiltering - skip non existing resourceDirectory /Users/prakashpradhan/Documents/java/spring/springCore/src/main/resources
2024-10-07 17:42:04,109 [Worker-35: Building] INFO  o.a.m.s.f.DefaultMavenResourcesFiltering - skip non existing resourceDirectory /Users/prakashpradhan/Documents/java/spring/springCore/src/test/resources
2024-10-07 17:42:37,435 [Worker-31: Building] INFO  o.a.m.s.f.DefaultMavenResourcesFiltering - skip non existing resourceDirectory /Users/prakashpradhan/Documents/java/spring/springCore/src/main/resources
2024-10-07 17:42:37,437 [Worker-31: Building] INFO  o.a.m.s.f.DefaultMavenResourcesFiltering - skip non existing resourceDirectory /Users/prakashpradhan/Documents/java/spring/springCore/src/test/resources
2024-10-07 17:43:20,229 [Worker-33: Building] INFO  o.a.m.s.f.DefaultMavenResourcesFiltering - skip non existing resourceDirectory /Users/prakashpradhan/Documents/java/spring/springCore/src/main/resources
2024-10-07 17:43:20,231 [Worker-33: Building] INFO  o.a.m.s.f.DefaultMavenResourcesFiltering - skip non existing resourceDirectory /Users/prakashpradhan/Documents/java/spring/springCore/src/test/resources
2024-10-07 17:43:47,124 [Worker-28: Building] INFO  o.a.m.s.f.DefaultMavenResourcesFiltering - skip non existing resourceDirectory /Users/prakashpradhan/Documents/java/spring/springCore/src/main/resources
2024-10-07 17:43:47,127 [Worker-28: Building] INFO  o.a.m.s.f.DefaultMavenResourcesFiltering - skip non existing resourceDirectory /Users/prakashpradhan/Documents/java/spring/springCore/src/test/resources
2024-10-07 17:44:01,022 [Worker-33: Building] INFO  o.a.m.s.f.DefaultMavenResourcesFiltering - skip non existing resourceDirectory /Users/prakashpradhan/Documents/java/spring/springCore/src/main/resources
2024-10-07 17:44:01,024 [Worker-33: Building] INFO  o.a.m.s.f.DefaultMavenResourcesFiltering - skip non existing resourceDirectory /Users/prakashpradhan/Documents/java/spring/springCore/src/test/resources
2024-10-07 17:44:15,017 [Worker-34: Building] INFO  o.a.m.s.f.DefaultMavenResourcesFiltering - skip non existing resourceDirectory /Users/prakashpradhan/Documents/java/spring/springCore/src/main/resources
2024-10-07 17:44:15,018 [Worker-34: Building] INFO  o.a.m.s.f.DefaultMavenResourcesFiltering - skip non existing resourceDirectory /Users/prakashpradhan/Documents/java/spring/springCore/src/test/resources
2024-10-07 17:44:33,040 [Worker-36: Building] INFO  o.a.m.s.f.DefaultMavenResourcesFiltering - skip non existing resourceDirectory /Users/prakashpradhan/Documents/java/spring/springCore/src/main/resources
2024-10-07 17:44:33,041 [Worker-36: Building] INFO  o.a.m.s.f.DefaultMavenResourcesFiltering - skip non existing resourceDirectory /Users/prakashpradhan/Documents/java/spring/springCore/src/test/resources
2024-10-07 17:45:02,545 [Worker-30: Building] INFO  o.a.m.s.f.DefaultMavenResourcesFiltering - skip non existing resourceDirectory /Users/prakashpradhan/Documents/java/spring/springCore/src/main/resources
2024-10-07 17:45:02,547 [Worker-30: Building] INFO  o.a.m.s.f.DefaultMavenResourcesFiltering - skip non existing resourceDirectory /Users/prakashpradhan/Documents/java/spring/springCore/src/test/resources
2024-10-07 17:45:07,940 [Worker-35: Building] INFO  o.a.m.s.f.DefaultMavenResourcesFiltering - skip non existing resourceDirectory /Users/prakashpradhan/Documents/java/spring/springCore/src/main/resources
2024-10-07 17:45:07,941 [Worker-35: Building] INFO  o.a.m.s.f.DefaultMavenResourcesFiltering - skip non existing resourceDirectory /Users/prakashpradhan/Documents/java/spring/springCore/src/test/resources
2024-10-07 17:45:30,516 [Worker-28: Building] INFO  o.a.m.s.f.DefaultMavenResourcesFiltering - skip non existing resourceDirectory /Users/prakashpradhan/Documents/java/spring/springCore/src/main/resources
2024-10-07 17:45:30,518 [Worker-28: Building] INFO  o.a.m.s.f.DefaultMavenResourcesFiltering - skip non existing resourceDirectory /Users/prakashpradhan/Documents/java/spring/springCore/src/test/resources
2024-10-07 17:45:37,354 [Worker-35: Building] INFO  o.a.m.s.f.DefaultMavenResourcesFiltering - skip non existing resourceDirectory /Users/prakashpradhan/Documents/java/spring/springCore/src/main/resources
2024-10-07 17:45:37,356 [Worker-35: Building] INFO  o.a.m.s.f.DefaultMavenResourcesFiltering - skip non existing resourceDirectory /Users/prakashpradhan/Documents/java/spring/springCore/src/test/resources
2024-10-07 17:45:42,926 [Worker-34: Building] INFO  o.a.m.s.f.DefaultMavenResourcesFiltering - skip non existing resourceDirectory /Users/prakashpradhan/Documents/java/spring/springCore/src/main/resources
2024-10-07 17:45:42,928 [Worker-34: Building] INFO  o.a.m.s.f.DefaultMavenResourcesFiltering - skip non existing resourceDirectory /Users/prakashpradhan/Documents/java/spring/springCore/src/test/resources
2024-10-07 17:45:52,337 [Worker-31: Building] INFO  o.a.m.s.f.DefaultMavenResourcesFiltering - skip non existing resourceDirectory /Users/prakashpradhan/Documents/java/spring/springCore/src/main/resources
2024-10-07 17:45:52,338 [Worker-31: Building] INFO  o.a.m.s.f.DefaultMavenResourcesFiltering - skip non existing resourceDirectory /Users/prakashpradhan/Documents/java/spring/springCore/src/test/resources
2024-10-07 17:48:44,564 [Worker-31: Building] INFO  o.a.m.s.f.DefaultMavenResourcesFiltering - skip non existing resourceDirectory /Users/prakashpradhan/Documents/java/spring/springCore/src/main/resources
2024-10-07 17:48:44,568 [Worker-31: Building] INFO  o.a.m.s.f.DefaultMavenResourcesFiltering - skip non existing resourceDirectory /Users/prakashpradhan/Documents/java/spring/springCore/src/test/resources
2024-10-07 17:49:27,606 [Worker-37: Building] INFO  o.a.m.s.f.DefaultMavenResourcesFiltering - skip non existing resourceDirectory /Users/prakashpradhan/Documents/java/spring/springCore/src/main/resources
2024-10-07 17:49:27,608 [Worker-37: Building] INFO  o.a.m.s.f.DefaultMavenResourcesFiltering - skip non existing resourceDirectory /Users/prakashpradhan/Documents/java/spring/springCore/src/test/resources
2024-10-07 17:50:17,491 [Worker-36: Building] INFO  o.a.m.s.f.DefaultMavenResourcesFiltering - skip non existing resourceDirectory /Users/prakashpradhan/Documents/java/spring/springCore/src/main/resources
2024-10-07 17:50:17,493 [Worker-36: Building] INFO  o.a.m.s.f.DefaultMavenResourcesFiltering - skip non existing resourceDirectory /Users/prakashpradhan/Documents/java/spring/springCore/src/test/resources
2024-10-07 17:53:14,856 [Worker-38: Building] INFO  o.a.m.s.f.DefaultMavenResourcesFiltering - skip non existing resourceDirectory /Users/prakashpradhan/Documents/java/spring/springCore/src/main/resources
2024-10-07 17:53:14,859 [Worker-38: Building] INFO  o.a.m.s.f.DefaultMavenResourcesFiltering - skip non existing resourceDirectory /Users/prakashpradhan/Documents/java/spring/springCore/src/test/resources
2024-10-07 17:53:41,676 [Worker-38: Building] INFO  o.a.m.s.f.DefaultMavenResourcesFiltering - skip non existing resourceDirectory /Users/prakashpradhan/Documents/java/spring/springCore/src/main/resources
2024-10-07 17:53:41,677 [Worker-38: Building] INFO  o.a.m.s.f.DefaultMavenResourcesFiltering - skip non existing resourceDirectory /Users/prakashpradhan/Documents/java/spring/springCore/src/test/resources
2024-10-07 17:54:14,999 [Worker-40: Building] INFO  o.a.m.s.f.DefaultMavenResourcesFiltering - skip non existing resourceDirectory /Users/prakashpradhan/Documents/java/spring/springCore/src/main/resources
2024-10-07 17:54:15,000 [Worker-40: Building] INFO  o.a.m.s.f.DefaultMavenResourcesFiltering - skip non existing resourceDirectory /Users/prakashpradhan/Documents/java/spring/springCore/src/test/resources
2024-10-07 17:58:52,296 [Worker-36: Building] INFO  o.a.m.s.f.DefaultMavenResourcesFiltering - skip non existing resourceDirectory /Users/prakashpradhan/Documents/java/spring/springCore/src/main/resources
2024-10-07 17:58:52,298 [Worker-36: Building] INFO  o.a.m.s.f.DefaultMavenResourcesFiltering - skip non existing resourceDirectory /Users/prakashpradhan/Documents/java/spring/springCore/src/test/resources
2024-10-07 18:00:18,811 [Worker-47: Building] INFO  o.a.m.s.f.DefaultMavenResourcesFiltering - skip non existing resourceDirectory /Users/prakashpradhan/Documents/java/spring/springCore/src/main/resources
2024-10-07 18:00:18,814 [Worker-47: Building] INFO  o.a.m.s.f.DefaultMavenResourcesFiltering - skip non existing resourceDirectory /Users/prakashpradhan/Documents/java/spring/springCore/src/test/resources
2024-10-07 18:06:39,368 [Worker-46: Building] INFO  o.a.m.s.f.DefaultMavenResourcesFiltering - skip non existing resourceDirectory /Users/prakashpradhan/Documents/java/spring/springCore/src/main/resources
2024-10-07 18:06:39,370 [Worker-46: Building] INFO  o.a.m.s.f.DefaultMavenResourcesFiltering - skip non existing resourceDirectory /Users/prakashpradhan/Documents/java/spring/springCore/src/test/resources
2024-10-07 18:06:51,629 [Worker-48: Building] INFO  o.a.m.s.f.DefaultMavenResourcesFiltering - skip non existing resourceDirectory /Users/prakashpradhan/Documents/java/spring/springCore/src/main/resources
2024-10-07 18:06:51,631 [Worker-48: Building] INFO  o.a.m.s.f.DefaultMavenResourcesFiltering - skip non existing resourceDirectory /Users/prakashpradhan/Documents/java/spring/springCore/src/test/resources
2024-10-07 18:14:31,400 [Worker-36: Updating Maven Project] INFO  o.e.m.c.i.p.ProjectConfigurationManager - Update started
2024-10-07 18:14:31,443 [Worker-36: Updating Maven Project] INFO  o.e.m.c.i.l.LifecycleMappingFactory - Using org.eclipse.m2e.jdt.JarLifecycleMapping lifecycle mapping for MavenProject: con.it.pradhan:springCore:0.0.1-SNAPSHOT @ /Users/prakashpradhan/Documents/java/spring/springCore/pom.xml.
2024-10-07 18:14:31,483 [Worker-36: Updating Maven Project] INFO  o.e.m.j.i.AbstractJavaProjectConfigurator - Adding source folder /springCore/src/main/java
2024-10-07 18:14:31,484 [Worker-36: Updating Maven Project] INFO  o.e.m.j.i.AbstractJavaProjectConfigurator - Adding resource folder /springCore/src/main/resources
2024-10-07 18:14:31,484 [Worker-36: Updating Maven Project] INFO  o.e.m.j.i.AbstractJavaProjectConfigurator - Adding source folder /springCore/src/test/java
2024-10-07 18:14:31,484 [Worker-36: Updating Maven Project] INFO  o.e.m.j.i.AbstractJavaProjectConfigurator - Adding resource folder /springCore/src/test/resources
2024-10-07 18:14:31,550 [Worker-36: Updating Maven Project] INFO  o.e.m.c.i.p.ProjectConfigurationManager - Update completed for 1 poms: local refresh takes 0.00 sec, refresh facades takes 0.00 sec, update config takes 0.00 sec 
2024-10-07 18:14:31,740 [Worker-36: Building] INFO  o.a.m.s.f.DefaultMavenResourcesFiltering - skip non existing resourceDirectory /Users/prakashpradhan/Documents/java/spring/springCore/src/main/resources
2024-10-07 18:14:31,742 [Worker-36: Building] INFO  o.a.m.s.f.DefaultMavenResourcesFiltering - skip non existing resourceDirectory /Users/prakashpradhan/Documents/java/spring/springCore/src/test/resources
2024-10-07 18:14:42,127 [Worker-49: Updating Maven Project] INFO  o.e.m.c.i.p.ProjectConfigurationManager - Update started
2024-10-07 18:14:42,156 [Worker-49: Updating Maven Project] INFO  o.e.m.c.i.l.LifecycleMappingFactory - Using org.eclipse.m2e.jdt.JarLifecycleMapping lifecycle mapping for MavenProject: con.it.pradhan:springCore:0.0.1-SNAPSHOT @ /Users/prakashpradhan/Documents/java/spring/springCore/pom.xml.
2024-10-07 18:14:42,187 [Worker-49: Updating Maven Project] INFO  o.e.m.j.i.AbstractJavaProjectConfigurator - Adding source folder /springCore/src/main/java
2024-10-07 18:14:42,187 [Worker-49: Updating Maven Project] INFO  o.e.m.j.i.AbstractJavaProjectConfigurator - Adding resource folder /springCore/src/main/resources
2024-10-07 18:14:42,188 [Worker-49: Updating Maven Project] INFO  o.e.m.j.i.AbstractJavaProjectConfigurator - Adding source folder /springCore/src/test/java
2024-10-07 18:14:42,188 [Worker-49: Updating Maven Project] INFO  o.e.m.j.i.AbstractJavaProjectConfigurator - Adding resource folder /springCore/src/test/resources
2024-10-07 18:14:42,218 [Worker-49: Updating Maven Project] INFO  o.e.m.c.i.p.ProjectConfigurationManager - Update completed for 1 poms: local refresh takes 0.00 sec, refresh facades takes 0.00 sec, update config takes 0.00 sec 
2024-10-07 18:14:42,386 [Worker-54: Building] INFO  o.a.m.s.f.DefaultMavenResourcesFiltering - skip non existing resourceDirectory /Users/prakashpradhan/Documents/java/spring/springCore/src/main/resources
2024-10-07 18:14:42,388 [Worker-54: Building] INFO  o.a.m.s.f.DefaultMavenResourcesFiltering - skip non existing resourceDirectory /Users/prakashpradhan/Documents/java/spring/springCore/src/test/resources
2024-10-07 18:18:46,996 [Worker-53: Building] INFO  o.a.m.s.f.DefaultMavenResourcesFiltering - skip non existing resourceDirectory /Users/prakashpradhan/Documents/java/spring/springCore/src/main/resources
2024-10-07 18:18:47,002 [Worker-53: Building] INFO  o.a.m.s.f.DefaultMavenResourcesFiltering - skip non existing resourceDirectory /Users/prakashpradhan/Documents/java/spring/springCore/src/test/resources
2024-10-07 18:19:09,021 [Worker-58: Building] INFO  o.a.m.s.f.DefaultMavenResourcesFiltering - skip non existing resourceDirectory /Users/prakashpradhan/Documents/java/spring/springCore/src/main/resources
2024-10-07 18:19:09,023 [Worker-58: Building] INFO  o.a.m.s.f.DefaultMavenResourcesFiltering - skip non existing resourceDirectory /Users/prakashpradhan/Documents/java/spring/springCore/src/test/resources
2024-10-07 18:24:35,419 [Worker-3: Loading available Gradle versions] INFO  o.e.b.c.i.u.g.PublishedGradleVersions - Gradle version information cache is up-to-date. Trying to read.
2024-10-07 18:26:02,953 [Worker-25: Launching mavenrun-730b8021-fbe0-455a-b4fa-f373ec6e57e9] INFO  o.eclipse.m2e.core.internal.Bundles - getClasspathEntries(Bundle=org.eclipse.m2e.maven.runtime_3.9.600.20231203-1234 [1623])
2024-10-07 18:26:02,955 [Worker-25: Launching mavenrun-730b8021-fbe0-455a-b4fa-f373ec6e57e9] INFO  o.eclipse.m2e.core.internal.Bundles - 	Entry: /Users/prakashpradhan/.p2/pool/plugins/org.eclipse.m2e.maven.runtime_3.9.600.20231203-1234
2024-10-07 18:26:02,955 [Worker-25: Launching mavenrun-730b8021-fbe0-455a-b4fa-f373ec6e57e9] INFO  o.eclipse.m2e.core.internal.Bundles - 	Entry: /Users/prakashpradhan/.p2/pool/plugins/org.eclipse.m2e.maven.runtime_3.9.600.20231203-1234/jars/aopalliance-1.0.jar
2024-10-07 18:26:02,955 [Worker-25: Launching mavenrun-730b8021-fbe0-455a-b4fa-f373ec6e57e9] INFO  o.eclipse.m2e.core.internal.Bundles - 	Entry: /Users/prakashpradhan/.p2/pool/plugins/org.eclipse.m2e.maven.runtime_3.9.600.20231203-1234/jars/guice-5.1.0.jar
2024-10-07 18:26:02,955 [Worker-25: Launching mavenrun-730b8021-fbe0-455a-b4fa-f373ec6e57e9] INFO  o.eclipse.m2e.core.internal.Bundles - 	Entry: /Users/prakashpradhan/.p2/pool/plugins/org.eclipse.m2e.maven.runtime_3.9.600.20231203-1234/jars/httpclient-4.5.14.jar
2024-10-07 18:26:02,955 [Worker-25: Launching mavenrun-730b8021-fbe0-455a-b4fa-f373ec6e57e9] INFO  o.eclipse.m2e.core.internal.Bundles - 	Entry: /Users/prakashpradhan/.p2/pool/plugins/org.eclipse.m2e.maven.runtime_3.9.600.20231203-1234/jars/httpcore-4.4.16.jar
2024-10-07 18:26:02,955 [Worker-25: Launching mavenrun-730b8021-fbe0-455a-b4fa-f373ec6e57e9] INFO  o.eclipse.m2e.core.internal.Bundles - 	Entry: /Users/prakashpradhan/.p2/pool/plugins/org.eclipse.m2e.maven.runtime_3.9.600.20231203-1234/jars/jansi-2.4.0.jar
2024-10-07 18:26:02,955 [Worker-25: Launching mavenrun-730b8021-fbe0-455a-b4fa-f373ec6e57e9] INFO  o.eclipse.m2e.core.internal.Bundles - 	Entry: /Users/prakashpradhan/.p2/pool/plugins/org.eclipse.m2e.maven.runtime_3.9.600.20231203-1234/jars/jcl-over-slf4j-1.7.36.jar
2024-10-07 18:26:02,955 [Worker-25: Launching mavenrun-730b8021-fbe0-455a-b4fa-f373ec6e57e9] INFO  o.eclipse.m2e.core.internal.Bundles - 	Entry: /Users/prakashpradhan/.p2/pool/plugins/org.eclipse.m2e.maven.runtime_3.9.600.20231203-1234/jars/maven-artifact-3.9.6.jar
2024-10-07 18:26:02,955 [Worker-25: Launching mavenrun-730b8021-fbe0-455a-b4fa-f373ec6e57e9] INFO  o.eclipse.m2e.core.internal.Bundles - 	Entry: /Users/prakashpradhan/.p2/pool/plugins/org.eclipse.m2e.maven.runtime_3.9.600.20231203-1234/jars/maven-builder-support-3.9.6.jar
2024-10-07 18:26:02,955 [Worker-25: Launching mavenrun-730b8021-fbe0-455a-b4fa-f373ec6e57e9] INFO  o.eclipse.m2e.core.internal.Bundles - 	Entry: /Users/prakashpradhan/.p2/pool/plugins/org.eclipse.m2e.maven.runtime_3.9.600.20231203-1234/jars/maven-compat-3.9.6.jar
2024-10-07 18:26:02,955 [Worker-25: Launching mavenrun-730b8021-fbe0-455a-b4fa-f373ec6e57e9] INFO  o.eclipse.m2e.core.internal.Bundles - 	Entry: /Users/prakashpradhan/.p2/pool/plugins/org.eclipse.m2e.maven.runtime_3.9.600.20231203-1234/jars/maven-core-3.9.6.jar
2024-10-07 18:26:02,955 [Worker-25: Launching mavenrun-730b8021-fbe0-455a-b4fa-f373ec6e57e9] INFO  o.eclipse.m2e.core.internal.Bundles - 	Entry: /Users/prakashpradhan/.p2/pool/plugins/org.eclipse.m2e.maven.runtime_3.9.600.20231203-1234/jars/maven-embedder-3.9.6.jar
2024-10-07 18:26:02,955 [Worker-25: Launching mavenrun-730b8021-fbe0-455a-b4fa-f373ec6e57e9] INFO  o.eclipse.m2e.core.internal.Bundles - 	Entry: /Users/prakashpradhan/.p2/pool/plugins/org.eclipse.m2e.maven.runtime_3.9.600.20231203-1234/jars/maven-model-3.9.6.jar
2024-10-07 18:26:02,955 [Worker-25: Launching mavenrun-730b8021-fbe0-455a-b4fa-f373ec6e57e9] INFO  o.eclipse.m2e.core.internal.Bundles - 	Entry: /Users/prakashpradhan/.p2/pool/plugins/org.eclipse.m2e.maven.runtime_3.9.600.20231203-1234/jars/maven-model-builder-3.9.6.jar
2024-10-07 18:26:02,955 [Worker-25: Launching mavenrun-730b8021-fbe0-455a-b4fa-f373ec6e57e9] INFO  o.eclipse.m2e.core.internal.Bundles - 	Entry: /Users/prakashpradhan/.p2/pool/plugins/org.eclipse.m2e.maven.runtime_3.9.600.20231203-1234/jars/maven-plugin-api-3.9.6.jar
2024-10-07 18:26:02,955 [Worker-25: Launching mavenrun-730b8021-fbe0-455a-b4fa-f373ec6e57e9] INFO  o.eclipse.m2e.core.internal.Bundles - 	Entry: /Users/prakashpradhan/.p2/pool/plugins/org.eclipse.m2e.maven.runtime_3.9.600.20231203-1234/jars/maven-repository-metadata-3.9.6.jar
2024-10-07 18:26:02,955 [Worker-25: Launching mavenrun-730b8021-fbe0-455a-b4fa-f373ec6e57e9] INFO  o.eclipse.m2e.core.internal.Bundles - 	Entry: /Users/prakashpradhan/.p2/pool/plugins/org.eclipse.m2e.maven.runtime_3.9.600.20231203-1234/jars/maven-resolver-api-1.9.18.jar
2024-10-07 18:26:02,955 [Worker-25: Launching mavenrun-730b8021-fbe0-455a-b4fa-f373ec6e57e9] INFO  o.eclipse.m2e.core.internal.Bundles - 	Entry: /Users/prakashpradhan/.p2/pool/plugins/org.eclipse.m2e.maven.runtime_3.9.600.20231203-1234/jars/maven-resolver-connector-basic-1.9.18.jar
2024-10-07 18:26:02,955 [Worker-25: Launching mavenrun-730b8021-fbe0-455a-b4fa-f373ec6e57e9] INFO  o.eclipse.m2e.core.internal.Bundles - 	Entry: /Users/prakashpradhan/.p2/pool/plugins/org.eclipse.m2e.maven.runtime_3.9.600.20231203-1234/jars/maven-resolver-impl-1.9.18.jar
2024-10-07 18:26:02,955 [Worker-25: Launching mavenrun-730b8021-fbe0-455a-b4fa-f373ec6e57e9] INFO  o.eclipse.m2e.core.internal.Bundles - 	Entry: /Users/prakashpradhan/.p2/pool/plugins/org.eclipse.m2e.maven.runtime_3.9.600.20231203-1234/jars/maven-resolver-named-locks-1.9.18.jar
2024-10-07 18:26:02,955 [Worker-25: Launching mavenrun-730b8021-fbe0-455a-b4fa-f373ec6e57e9] INFO  o.eclipse.m2e.core.internal.Bundles - 	Entry: /Users/prakashpradhan/.p2/pool/plugins/org.eclipse.m2e.maven.runtime_3.9.600.20231203-1234/jars/maven-resolver-provider-3.9.6.jar
2024-10-07 18:26:02,955 [Worker-25: Launching mavenrun-730b8021-fbe0-455a-b4fa-f373ec6e57e9] INFO  o.eclipse.m2e.core.internal.Bundles - 	Entry: /Users/prakashpradhan/.p2/pool/plugins/org.eclipse.m2e.maven.runtime_3.9.600.20231203-1234/jars/maven-resolver-spi-1.9.18.jar
2024-10-07 18:26:02,955 [Worker-25: Launching mavenrun-730b8021-fbe0-455a-b4fa-f373ec6e57e9] INFO  o.eclipse.m2e.core.internal.Bundles - 	Entry: /Users/prakashpradhan/.p2/pool/plugins/org.eclipse.m2e.maven.runtime_3.9.600.20231203-1234/jars/maven-resolver-transport-file-1.9.18.jar
2024-10-07 18:26:02,955 [Worker-25: Launching mavenrun-730b8021-fbe0-455a-b4fa-f373ec6e57e9] INFO  o.eclipse.m2e.core.internal.Bundles - 	Entry: /Users/prakashpradhan/.p2/pool/plugins/org.eclipse.m2e.maven.runtime_3.9.600.20231203-1234/jars/maven-resolver-transport-http-1.9.18.jar
2024-10-07 18:26:02,956 [Worker-25: Launching mavenrun-730b8021-fbe0-455a-b4fa-f373ec6e57e9] INFO  o.eclipse.m2e.core.internal.Bundles - 	Entry: /Users/prakashpradhan/.p2/pool/plugins/org.eclipse.m2e.maven.runtime_3.9.600.20231203-1234/jars/maven-resolver-transport-wagon-1.9.18.jar
2024-10-07 18:26:02,956 [Worker-25: Launching mavenrun-730b8021-fbe0-455a-b4fa-f373ec6e57e9] INFO  o.eclipse.m2e.core.internal.Bundles - 	Entry: /Users/prakashpradhan/.p2/pool/plugins/org.eclipse.m2e.maven.runtime_3.9.600.20231203-1234/jars/maven-resolver-util-1.9.18.jar
2024-10-07 18:26:02,956 [Worker-25: Launching mavenrun-730b8021-fbe0-455a-b4fa-f373ec6e57e9] INFO  o.eclipse.m2e.core.internal.Bundles - 	Entry: /Users/prakashpradhan/.p2/pool/plugins/org.eclipse.m2e.maven.runtime_3.9.600.20231203-1234/jars/maven-settings-3.9.6.jar
2024-10-07 18:26:02,956 [Worker-25: Launching mavenrun-730b8021-fbe0-455a-b4fa-f373ec6e57e9] INFO  o.eclipse.m2e.core.internal.Bundles - 	Entry: /Users/prakashpradhan/.p2/pool/plugins/org.eclipse.m2e.maven.runtime_3.9.600.20231203-1234/jars/maven-settings-builder-3.9.6.jar
2024-10-07 18:26:02,956 [Worker-25: Launching mavenrun-730b8021-fbe0-455a-b4fa-f373ec6e57e9] INFO  o.eclipse.m2e.core.internal.Bundles - 	Entry: /Users/prakashpradhan/.p2/pool/plugins/org.eclipse.m2e.maven.runtime_3.9.600.20231203-1234/jars/maven-shared-utils-3.3.4.jar
2024-10-07 18:26:02,956 [Worker-25: Launching mavenrun-730b8021-fbe0-455a-b4fa-f373ec6e57e9] INFO  o.eclipse.m2e.core.internal.Bundles - 	Entry: /Users/prakashpradhan/.p2/pool/plugins/org.eclipse.m2e.maven.runtime_3.9.600.20231203-1234/jars/org.eclipse.sisu.inject-0.9.0.M2.jar
2024-10-07 18:26:02,956 [Worker-25: Launching mavenrun-730b8021-fbe0-455a-b4fa-f373ec6e57e9] INFO  o.eclipse.m2e.core.internal.Bundles - 	Entry: /Users/prakashpradhan/.p2/pool/plugins/org.eclipse.m2e.maven.runtime_3.9.600.20231203-1234/jars/org.eclipse.sisu.plexus-0.9.0.M2.jar
2024-10-07 18:26:02,956 [Worker-25: Launching mavenrun-730b8021-fbe0-455a-b4fa-f373ec6e57e9] INFO  o.eclipse.m2e.core.internal.Bundles - 	Entry: /Users/prakashpradhan/.p2/pool/plugins/org.eclipse.m2e.maven.runtime_3.9.600.20231203-1234/jars/plexus-build-api-0.0.7.jar
2024-10-07 18:26:02,956 [Worker-25: Launching mavenrun-730b8021-fbe0-455a-b4fa-f373ec6e57e9] INFO  o.eclipse.m2e.core.internal.Bundles - 	Entry: /Users/prakashpradhan/.p2/pool/plugins/org.eclipse.m2e.maven.runtime_3.9.600.20231203-1234/jars/plexus-cipher-2.0.jar
2024-10-07 18:26:02,956 [Worker-25: Launching mavenrun-730b8021-fbe0-455a-b4fa-f373ec6e57e9] INFO  o.eclipse.m2e.core.internal.Bundles - 	Entry: /Users/prakashpradhan/.p2/pool/plugins/org.eclipse.m2e.maven.runtime_3.9.600.20231203-1234/jars/plexus-classworlds-2.7.0.jar
2024-10-07 18:26:02,956 [Worker-25: Launching mavenrun-730b8021-fbe0-455a-b4fa-f373ec6e57e9] INFO  o.eclipse.m2e.core.internal.Bundles - 	Entry: /Users/prakashpradhan/.p2/pool/plugins/org.eclipse.m2e.maven.runtime_3.9.600.20231203-1234/jars/plexus-component-annotations-2.1.0.jar
2024-10-07 18:26:02,956 [Worker-25: Launching mavenrun-730b8021-fbe0-455a-b4fa-f373ec6e57e9] INFO  o.eclipse.m2e.core.internal.Bundles - 	Entry: /Users/prakashpradhan/.p2/pool/plugins/org.eclipse.m2e.maven.runtime_3.9.600.20231203-1234/jars/plexus-interpolation-1.26.jar
2024-10-07 18:26:02,956 [Worker-25: Launching mavenrun-730b8021-fbe0-455a-b4fa-f373ec6e57e9] INFO  o.eclipse.m2e.core.internal.Bundles - 	Entry: /Users/prakashpradhan/.p2/pool/plugins/org.eclipse.m2e.maven.runtime_3.9.600.20231203-1234/jars/plexus-sec-dispatcher-2.0.jar
2024-10-07 18:26:02,956 [Worker-25: Launching mavenrun-730b8021-fbe0-455a-b4fa-f373ec6e57e9] INFO  o.eclipse.m2e.core.internal.Bundles - 	Entry: /Users/prakashpradhan/.p2/pool/plugins/org.eclipse.m2e.maven.runtime_3.9.600.20231203-1234/jars/plexus-utils-3.5.1.jar
2024-10-07 18:26:02,956 [Worker-25: Launching mavenrun-730b8021-fbe0-455a-b4fa-f373ec6e57e9] INFO  o.eclipse.m2e.core.internal.Bundles - 	Entry: /Users/prakashpradhan/.p2/pool/plugins/org.eclipse.m2e.maven.runtime_3.9.600.20231203-1234/jars/wagon-file-3.5.3.jar
2024-10-07 18:26:02,956 [Worker-25: Launching mavenrun-730b8021-fbe0-455a-b4fa-f373ec6e57e9] INFO  o.eclipse.m2e.core.internal.Bundles - 	Entry: /Users/prakashpradhan/.p2/pool/plugins/org.eclipse.m2e.maven.runtime_3.9.600.20231203-1234/jars/wagon-http-3.5.3.jar
2024-10-07 18:26:02,956 [Worker-25: Launching mavenrun-730b8021-fbe0-455a-b4fa-f373ec6e57e9] INFO  o.eclipse.m2e.core.internal.Bundles - 	Entry: /Users/prakashpradhan/.p2/pool/plugins/org.eclipse.m2e.maven.runtime_3.9.600.20231203-1234/jars/wagon-http-shared-3.5.3.jar
2024-10-07 18:26:02,956 [Worker-25: Launching mavenrun-730b8021-fbe0-455a-b4fa-f373ec6e57e9] INFO  o.eclipse.m2e.core.internal.Bundles - 	Entry: /Users/prakashpradhan/.p2/pool/plugins/org.eclipse.m2e.maven.runtime_3.9.600.20231203-1234/jars/wagon-provider-api-3.5.3.jar
2024-10-07 18:26:02,957 [Worker-25: Launching mavenrun-730b8021-fbe0-455a-b4fa-f373ec6e57e9] INFO  o.eclipse.m2e.core.internal.Bundles - getClasspathEntries(Bundle=com.google.guava_33.0.0.jre [1007])
2024-10-07 18:26:02,957 [Worker-25: Launching mavenrun-730b8021-fbe0-455a-b4fa-f373ec6e57e9] INFO  o.eclipse.m2e.core.internal.Bundles - 	Entry: /Users/prakashpradhan/.p2/pool/plugins/com.google.guava_33.0.0.jre.jar
2024-10-07 18:26:02,957 [Worker-25: Launching mavenrun-730b8021-fbe0-455a-b4fa-f373ec6e57e9] INFO  o.eclipse.m2e.core.internal.Bundles - getClasspathEntries(Bundle=slf4j.api_2.0.12 [1985])
2024-10-07 18:26:02,957 [Worker-25: Launching mavenrun-730b8021-fbe0-455a-b4fa-f373ec6e57e9] INFO  o.eclipse.m2e.core.internal.Bundles - 	Entry: /Users/prakashpradhan/.p2/pool/plugins/slf4j.api_2.0.12.jar
2024-10-07 18:26:02,957 [Worker-25: Launching mavenrun-730b8021-fbe0-455a-b4fa-f373ec6e57e9] INFO  o.eclipse.m2e.core.internal.Bundles - getClasspathEntries(Bundle=jakarta.inject.jakarta.inject-api_1.0.5 [1025])
2024-10-07 18:26:02,957 [Worker-25: Launching mavenrun-730b8021-fbe0-455a-b4fa-f373ec6e57e9] INFO  o.eclipse.m2e.core.internal.Bundles - 	Entry: /Users/prakashpradhan/.p2/pool/plugins/jakarta.inject.jakarta.inject-api_1.0.5.jar
2024-10-07 18:26:02,957 [Worker-25: Launching mavenrun-730b8021-fbe0-455a-b4fa-f373ec6e57e9] INFO  o.eclipse.m2e.core.internal.Bundles - getClasspathEntries(Bundle=jakarta.annotation-api_1.3.5 [1020])
2024-10-07 18:26:02,957 [Worker-25: Launching mavenrun-730b8021-fbe0-455a-b4fa-f373ec6e57e9] INFO  o.eclipse.m2e.core.internal.Bundles - 	Entry: /Users/prakashpradhan/.p2/pool/plugins/jakarta.annotation-api_1.3.5.jar
2024-10-07 18:26:02,957 [Worker-25: Launching mavenrun-730b8021-fbe0-455a-b4fa-f373ec6e57e9] INFO  o.eclipse.m2e.core.internal.Bundles - getClasspathEntries(Bundle=org.apache.commons.cli_1.6.0 [1068])
2024-10-07 18:26:02,957 [Worker-25: Launching mavenrun-730b8021-fbe0-455a-b4fa-f373ec6e57e9] INFO  o.eclipse.m2e.core.internal.Bundles - 	Entry: /Users/prakashpradhan/.p2/pool/plugins/org.apache.commons.cli_1.6.0.jar
2024-10-07 18:26:02,957 [Worker-25: Launching mavenrun-730b8021-fbe0-455a-b4fa-f373ec6e57e9] INFO  o.eclipse.m2e.core.internal.Bundles - getClasspathEntries(Bundle=org.apache.commons.commons-codec_1.16.0 [1071])
2024-10-07 18:26:02,957 [Worker-25: Launching mavenrun-730b8021-fbe0-455a-b4fa-f373ec6e57e9] INFO  o.eclipse.m2e.core.internal.Bundles - 	Entry: /Users/prakashpradhan/.p2/pool/plugins/org.apache.commons.commons-codec_1.16.0.jar
2024-10-07 18:26:02,957 [Worker-25: Launching mavenrun-730b8021-fbe0-455a-b4fa-f373ec6e57e9] INFO  o.eclipse.m2e.core.internal.Bundles - getClasspathEntries(Bundle=org.apache.commons.lang3_3.14.0 [1079])
2024-10-07 18:26:02,957 [Worker-25: Launching mavenrun-730b8021-fbe0-455a-b4fa-f373ec6e57e9] INFO  o.eclipse.m2e.core.internal.Bundles - 	Entry: /Users/prakashpradhan/.p2/pool/plugins/org.apache.commons.lang3_3.14.0.jar
2024-10-07 18:26:02,957 [Worker-25: Launching mavenrun-730b8021-fbe0-455a-b4fa-f373ec6e57e9] INFO  o.eclipse.m2e.core.internal.Bundles - getClasspathEntries(Bundle=com.google.guava.failureaccess_1.0.2 [1008])
2024-10-07 18:26:02,957 [Worker-25: Launching mavenrun-730b8021-fbe0-455a-b4fa-f373ec6e57e9] INFO  o.eclipse.m2e.core.internal.Bundles - 	Entry: /Users/prakashpradhan/.p2/pool/plugins/com.google.guava.failureaccess_1.0.2.jar
2024-10-07 18:26:02,959 [Worker-25: Launching mavenrun-730b8021-fbe0-455a-b4fa-f373ec6e57e9] INFO  o.e.m.i.launch.MavenLaunchDelegate - Run build in "/var/folders/79/zdmrqn9n2sxd087sxxbpks040000gn/T/m2e-archetypeGenerator12836676991590097597":
2024-10-07 18:26:02,961 [Worker-25: Launching mavenrun-730b8021-fbe0-455a-b4fa-f373ec6e57e9] INFO  o.e.m.i.launch.MavenLaunchDelegate -  mvn  -DarchetypeGroupId=org.apache.maven.archetypes -DarchetypeArtifactId=maven-archetype-quickstart -DarchetypeVersion=1.1 -DgroupId=con.it.pradhan -DartifactId=springFirstExample -Dversion=0.0.1-SNAPSHOT -Dpackage=con.it.pradhan.springFirstExample -DoutputDirectory=/Users/prakashpradhan/Documents/java/spring -Dstyle.color=always -U archetype:generate
2024-10-07 18:26:10,578 [Worker-15: Creating maven-archetype-quickstart] INFO  o.e.m.c.i.p.ProjectConfigurationManager - Collecting project info '/pom.xml' /Users/prakashpradhan/Documents/java/spring/springFirstExample/pom.xml
2024-10-07 18:26:10,745 [Worker-15: Creating maven-archetype-quickstart] INFO  o.e.m.c.i.l.LifecycleMappingFactory - Using org.eclipse.m2e.jdt.JarLifecycleMapping lifecycle mapping for MavenProject: con.it.pradhan:springFirstExample:0.0.1-SNAPSHOT @ /Users/prakashpradhan/Documents/java/spring/springFirstExample/pom.xml.
2024-10-07 18:26:10,921 [Worker-15: Creating maven-archetype-quickstart] INFO  o.e.m.j.i.AbstractJavaProjectConfigurator - Adding source folder /springFirstExample/src/main/java
2024-10-07 18:26:10,922 [Worker-15: Creating maven-archetype-quickstart] INFO  o.e.m.j.i.AbstractJavaProjectConfigurator - Adding resource folder /springFirstExample/src/main/resources
2024-10-07 18:26:10,923 [Worker-15: Creating maven-archetype-quickstart] INFO  o.e.m.j.i.AbstractJavaProjectConfigurator - Adding source folder /springFirstExample/src/test/java
2024-10-07 18:26:10,923 [Worker-15: Creating maven-archetype-quickstart] INFO  o.e.m.j.i.AbstractJavaProjectConfigurator - Adding resource folder /springFirstExample/src/test/resources
2024-10-07 18:26:10,970 [Worker-15: Creating maven-archetype-quickstart] INFO  o.e.m.c.i.p.ProjectConfigurationManager - Imported and configured 1 project(s) in 0 sec
2024-10-07 18:26:11,240 [Worker-14: Building] INFO  o.a.m.s.f.DefaultMavenResourcesFiltering - skip non existing resourceDirectory /Users/prakashpradhan/Documents/java/spring/springFirstExample/src/main/resources
2024-10-07 18:26:11,243 [Worker-14: Building] INFO  o.a.m.s.f.DefaultMavenResourcesFiltering - skip non existing resourceDirectory /Users/prakashpradhan/Documents/java/spring/springFirstExample/src/test/resources
2024-10-07 18:26:34,601 [Worker-21: Building] INFO  o.e.m.c.i.l.LifecycleMappingFactory - Using org.eclipse.m2e.jdt.JarLifecycleMapping lifecycle mapping for MavenProject: con.it.pradhan:springFirstExample:0.0.1-SNAPSHOT @ /Users/prakashpradhan/Documents/java/spring/springFirstExample/pom.xml.
2024-10-07 18:26:34,661 [Worker-21: Building] INFO  o.a.m.s.f.DefaultMavenResourcesFiltering - skip non existing resourceDirectory /Users/prakashpradhan/Documents/java/spring/springFirstExample/src/main/resources
2024-10-07 18:26:34,663 [Worker-21: Building] INFO  o.a.m.s.f.DefaultMavenResourcesFiltering - skip non existing resourceDirectory /Users/prakashpradhan/Documents/java/spring/springFirstExample/src/test/resources
2024-10-07 18:26:35,804 [Worker-21: Building] INFO  o.a.m.s.f.DefaultMavenResourcesFiltering - skip non existing resourceDirectory /Users/prakashpradhan/Documents/java/spring/springFirstExample/src/main/resources
2024-10-07 18:26:35,806 [Worker-21: Building] INFO  o.a.m.s.f.DefaultMavenResourcesFiltering - skip non existing resourceDirectory /Users/prakashpradhan/Documents/java/spring/springFirstExample/src/test/resources
2024-10-07 18:29:12,373 [Worker-25: Building] INFO  o.e.m.c.i.l.LifecycleMappingFactory - Using org.eclipse.m2e.jdt.JarLifecycleMapping lifecycle mapping for MavenProject: con.it.pradhan:springCore:0.0.1-SNAPSHOT @ /Users/prakashpradhan/Documents/java/spring/springCore/pom.xml.
2024-10-07 18:29:12,437 [Worker-25: Building] WARN  o.a.m.s.f.DefaultMavenResourcesFiltering - Using platform encoding (UTF-8 actually) to copy filtered resources, i.e. build is platform dependent!
2024-10-07 18:29:12,438 [Worker-25: Building] INFO  o.a.m.s.f.DefaultMavenResourcesFiltering - skip non existing resourceDirectory /Users/prakashpradhan/Documents/java/spring/springCore/src/main/resources
2024-10-07 18:29:12,440 [Worker-25: Building] WARN  o.a.m.s.f.DefaultMavenResourcesFiltering - Using platform encoding (UTF-8 actually) to copy filtered resources, i.e. build is platform dependent!
2024-10-07 18:29:12,440 [Worker-25: Building] INFO  o.a.m.s.f.DefaultMavenResourcesFiltering - skip non existing resourceDirectory /Users/prakashpradhan/Documents/java/spring/springCore/src/test/resources
2024-10-07 18:29:13,587 [Worker-1: Building] INFO  o.e.m.c.i.l.LifecycleMappingFactory - Using org.eclipse.m2e.jdt.JarLifecycleMapping lifecycle mapping for MavenProject: con.it.pradhan:springCore:0.0.1-SNAPSHOT @ /Users/prakashpradhan/Documents/java/spring/springCore/pom.xml.
2024-10-07 18:29:13,648 [Worker-1: Building] WARN  o.a.m.s.f.DefaultMavenResourcesFiltering - Using platform encoding (UTF-8 actually) to copy filtered resources, i.e. build is platform dependent!
2024-10-07 18:29:13,649 [Worker-1: Building] INFO  o.a.m.s.f.DefaultMavenResourcesFiltering - skip non existing resourceDirectory /Users/prakashpradhan/Documents/java/spring/springCore/src/main/resources
2024-10-07 18:29:13,650 [Worker-1: Building] WARN  o.a.m.s.f.DefaultMavenResourcesFiltering - Using platform encoding (UTF-8 actually) to copy filtered resources, i.e. build is platform dependent!
2024-10-07 18:29:13,651 [Worker-1: Building] INFO  o.a.m.s.f.DefaultMavenResourcesFiltering - skip non existing resourceDirectory /Users/prakashpradhan/Documents/java/spring/springCore/src/test/resources
2024-10-07 18:29:57,375 [Worker-25: Building] INFO  o.a.m.s.f.DefaultMavenResourcesFiltering - skip non existing resourceDirectory /Users/prakashpradhan/Documents/java/spring/springFirstExample/src/main/resources
2024-10-07 18:29:57,376 [Worker-25: Building] INFO  o.a.m.s.f.DefaultMavenResourcesFiltering - skip non existing resourceDirectory /Users/prakashpradhan/Documents/java/spring/springFirstExample/src/test/resources
2024-10-07 18:30:01,724 [Worker-31: Building] INFO  o.a.m.s.f.DefaultMavenResourcesFiltering - skip non existing resourceDirectory /Users/prakashpradhan/Documents/java/spring/springFirstExample/src/main/resources
2024-10-07 18:30:01,725 [Worker-31: Building] INFO  o.a.m.s.f.DefaultMavenResourcesFiltering - skip non existing resourceDirectory /Users/prakashpradhan/Documents/java/spring/springFirstExample/src/test/resources
2024-10-07 18:30:10,196 [Worker-1: Building] INFO  o.a.m.s.f.DefaultMavenResourcesFiltering - skip non existing resourceDirectory /Users/prakashpradhan/Documents/java/spring/springFirstExample/src/main/resources
2024-10-07 18:30:10,198 [Worker-1: Building] INFO  o.a.m.s.f.DefaultMavenResourcesFiltering - skip non existing resourceDirectory /Users/prakashpradhan/Documents/java/spring/springFirstExample/src/test/resources
2024-10-07 18:30:11,222 [Worker-25: Building] INFO  o.a.m.s.f.DefaultMavenResourcesFiltering - skip non existing resourceDirectory /Users/prakashpradhan/Documents/java/spring/springFirstExample/src/main/resources
2024-10-07 18:30:11,223 [Worker-25: Building] INFO  o.a.m.s.f.DefaultMavenResourcesFiltering - skip non existing resourceDirectory /Users/prakashpradhan/Documents/java/spring/springFirstExample/src/test/resources
2024-10-07 18:52:00,702 [Worker-25: Building] WARN  o.a.m.s.f.DefaultMavenResourcesFiltering - Using platform encoding (UTF-8 actually) to copy filtered resources, i.e. build is platform dependent!
2024-10-07 18:52:00,703 [Worker-25: Building] INFO  o.a.m.s.f.DefaultMavenResourcesFiltering - skip non existing resourceDirectory /Users/prakashpradhan/Documents/java/spring/springCore/src/main/resources
2024-10-07 18:52:00,704 [Worker-25: Building] WARN  o.a.m.s.f.DefaultMavenResourcesFiltering - Using platform encoding (UTF-8 actually) to copy filtered resources, i.e. build is platform dependent!
2024-10-07 18:52:00,704 [Worker-25: Building] INFO  o.a.m.s.f.DefaultMavenResourcesFiltering - skip non existing resourceDirectory /Users/prakashpradhan/Documents/java/spring/springCore/src/test/resources
2024-10-07 18:53:54,640 [Worker-35: Building] WARN  o.a.m.s.f.DefaultMavenResourcesFiltering - Using platform encoding (UTF-8 actually) to copy filtered resources, i.e. build is platform dependent!
2024-10-07 18:53:54,641 [Worker-35: Building] INFO  o.a.m.s.f.DefaultMavenResourcesFiltering - skip non existing resourceDirectory /Users/prakashpradhan/Documents/java/spring/springCore/src/main/resources
2024-10-07 18:53:54,642 [Worker-35: Building] WARN  o.a.m.s.f.DefaultMavenResourcesFiltering - Using platform encoding (UTF-8 actually) to copy filtered resources, i.e. build is platform dependent!
2024-10-07 18:53:54,643 [Worker-35: Building] INFO  o.a.m.s.f.DefaultMavenResourcesFiltering - skip non existing resourceDirectory /Users/prakashpradhan/Documents/java/spring/springCore/src/test/resources
2024-10-07 18:53:55,726 [Worker-33: Building] WARN  o.a.m.s.f.DefaultMavenResourcesFiltering - Using platform encoding (UTF-8 actually) to copy filtered resources, i.e. build is platform dependent!
2024-10-07 18:53:55,726 [Worker-33: Building] INFO  o.a.m.s.f.DefaultMavenResourcesFiltering - skip non existing resourceDirectory /Users/prakashpradhan/Documents/java/spring/springCore/src/main/resources
2024-10-07 18:53:55,727 [Worker-33: Building] WARN  o.a.m.s.f.DefaultMavenResourcesFiltering - Using platform encoding (UTF-8 actually) to copy filtered resources, i.e. build is platform dependent!
2024-10-07 18:53:55,728 [Worker-33: Building] INFO  o.a.m.s.f.DefaultMavenResourcesFiltering - skip non existing resourceDirectory /Users/prakashpradhan/Documents/java/spring/springCore/src/test/resources
2024-10-07 18:53:59,030 [Worker-37: Building] WARN  o.a.m.s.f.DefaultMavenResourcesFiltering - Using platform encoding (UTF-8 actually) to copy filtered resources, i.e. build is platform dependent!
2024-10-07 18:53:59,033 [Worker-37: Building] INFO  o.a.m.s.f.DefaultMavenResourcesFiltering - skip non existing resourceDirectory /Users/prakashpradhan/Documents/java/spring/springCore/src/main/resources
2024-10-07 18:53:59,035 [Worker-37: Building] WARN  o.a.m.s.f.DefaultMavenResourcesFiltering - Using platform encoding (UTF-8 actually) to copy filtered resources, i.e. build is platform dependent!
2024-10-07 18:53:59,035 [Worker-37: Building] INFO  o.a.m.s.f.DefaultMavenResourcesFiltering - skip non existing resourceDirectory /Users/prakashpradhan/Documents/java/spring/springCore/src/test/resources
2024-10-07 18:56:05,042 [Worker-35: Building] WARN  o.a.m.s.f.DefaultMavenResourcesFiltering - Using platform encoding (UTF-8 actually) to copy filtered resources, i.e. build is platform dependent!
2024-10-07 18:56:05,043 [Worker-35: Building] INFO  o.a.m.s.f.DefaultMavenResourcesFiltering - skip non existing resourceDirectory /Users/prakashpradhan/Documents/java/spring/springCore/src/main/resources
2024-10-07 18:56:05,044 [Worker-35: Building] WARN  o.a.m.s.f.DefaultMavenResourcesFiltering - Using platform encoding (UTF-8 actually) to copy filtered resources, i.e. build is platform dependent!
2024-10-07 18:56:05,044 [Worker-35: Building] INFO  o.a.m.s.f.DefaultMavenResourcesFiltering - skip non existing resourceDirectory /Users/prakashpradhan/Documents/java/spring/springCore/src/test/resources
2024-10-07 18:56:08,064 [Worker-36: Building] WARN  o.a.m.s.f.DefaultMavenResourcesFiltering - Using platform encoding (UTF-8 actually) to copy filtered resources, i.e. build is platform dependent!
2024-10-07 18:56:08,064 [Worker-36: Building] INFO  o.a.m.s.f.DefaultMavenResourcesFiltering - skip non existing resourceDirectory /Users/prakashpradhan/Documents/java/spring/springCore/src/main/resources
2024-10-07 18:56:08,065 [Worker-36: Building] WARN  o.a.m.s.f.DefaultMavenResourcesFiltering - Using platform encoding (UTF-8 actually) to copy filtered resources, i.e. build is platform dependent!
2024-10-07 18:56:08,065 [Worker-36: Building] INFO  o.a.m.s.f.DefaultMavenResourcesFiltering - skip non existing resourceDirectory /Users/prakashpradhan/Documents/java/spring/springCore/src/test/resources
2024-10-07 18:56:50,376 [Worker-36: Building] WARN  o.a.m.s.f.DefaultMavenResourcesFiltering - Using platform encoding (UTF-8 actually) to copy filtered resources, i.e. build is platform dependent!
2024-10-07 18:56:50,377 [Worker-36: Building] INFO  o.a.m.s.f.DefaultMavenResourcesFiltering - skip non existing resourceDirectory /Users/prakashpradhan/Documents/java/spring/springCore/src/main/resources
2024-10-07 18:56:50,379 [Worker-36: Building] WARN  o.a.m.s.f.DefaultMavenResourcesFiltering - Using platform encoding (UTF-8 actually) to copy filtered resources, i.e. build is platform dependent!
2024-10-07 18:56:50,380 [Worker-36: Building] INFO  o.a.m.s.f.DefaultMavenResourcesFiltering - skip non existing resourceDirectory /Users/prakashpradhan/Documents/java/spring/springCore/src/test/resources
2024-10-07 18:57:15,743 [Worker-36: Building] WARN  o.a.m.s.f.DefaultMavenResourcesFiltering - Using platform encoding (UTF-8 actually) to copy filtered resources, i.e. build is platform dependent!
2024-10-07 18:57:15,744 [Worker-36: Building] INFO  o.a.m.s.f.DefaultMavenResourcesFiltering - skip non existing resourceDirectory /Users/prakashpradhan/Documents/java/spring/springCore/src/main/resources
2024-10-07 18:57:15,745 [Worker-36: Building] WARN  o.a.m.s.f.DefaultMavenResourcesFiltering - Using platform encoding (UTF-8 actually) to copy filtered resources, i.e. build is platform dependent!
2024-10-07 18:57:15,746 [Worker-36: Building] INFO  o.a.m.s.f.DefaultMavenResourcesFiltering - skip non existing resourceDirectory /Users/prakashpradhan/Documents/java/spring/springCore/src/test/resources
2024-10-07 18:58:36,976 [Worker-35: Building] WARN  o.a.m.s.f.DefaultMavenResourcesFiltering - Using platform encoding (UTF-8 actually) to copy filtered resources, i.e. build is platform dependent!
2024-10-07 18:58:36,977 [Worker-35: Building] INFO  o.a.m.s.f.DefaultMavenResourcesFiltering - skip non existing resourceDirectory /Users/prakashpradhan/Documents/java/spring/springCore/src/main/resources
2024-10-07 18:58:36,979 [Worker-35: Building] WARN  o.a.m.s.f.DefaultMavenResourcesFiltering - Using platform encoding (UTF-8 actually) to copy filtered resources, i.e. build is platform dependent!
2024-10-07 18:58:36,979 [Worker-35: Building] INFO  o.a.m.s.f.DefaultMavenResourcesFiltering - skip non existing resourceDirectory /Users/prakashpradhan/Documents/java/spring/springCore/src/test/resources
2024-10-07 18:58:59,247 [Worker-37: Building] WARN  o.a.m.s.f.DefaultMavenResourcesFiltering - Using platform encoding (UTF-8 actually) to copy filtered resources, i.e. build is platform dependent!
2024-10-07 18:58:59,248 [Worker-37: Building] INFO  o.a.m.s.f.DefaultMavenResourcesFiltering - skip non existing resourceDirectory /Users/prakashpradhan/Documents/java/spring/springCore/src/main/resources
2024-10-07 18:58:59,250 [Worker-37: Building] WARN  o.a.m.s.f.DefaultMavenResourcesFiltering - Using platform encoding (UTF-8 actually) to copy filtered resources, i.e. build is platform dependent!
2024-10-07 18:58:59,251 [Worker-37: Building] INFO  o.a.m.s.f.DefaultMavenResourcesFiltering - skip non existing resourceDirectory /Users/prakashpradhan/Documents/java/spring/springCore/src/test/resources
2024-10-07 18:59:39,662 [Worker-40: Building] WARN  o.a.m.s.f.DefaultMavenResourcesFiltering - Using platform encoding (UTF-8 actually) to copy filtered resources, i.e. build is platform dependent!
2024-10-07 18:59:39,663 [Worker-40: Building] INFO  o.a.m.s.f.DefaultMavenResourcesFiltering - skip non existing resourceDirectory /Users/prakashpradhan/Documents/java/spring/springCore/src/main/resources
2024-10-07 18:59:39,664 [Worker-40: Building] WARN  o.a.m.s.f.DefaultMavenResourcesFiltering - Using platform encoding (UTF-8 actually) to copy filtered resources, i.e. build is platform dependent!
2024-10-07 18:59:39,664 [Worker-40: Building] INFO  o.a.m.s.f.DefaultMavenResourcesFiltering - skip non existing resourceDirectory /Users/prakashpradhan/Documents/java/spring/springCore/src/test/resources
2024-10-07 18:59:50,316 [Worker-40: Building] WARN  o.a.m.s.f.DefaultMavenResourcesFiltering - Using platform encoding (UTF-8 actually) to copy filtered resources, i.e. build is platform dependent!
2024-10-07 18:59:50,317 [Worker-40: Building] INFO  o.a.m.s.f.DefaultMavenResourcesFiltering - skip non existing resourceDirectory /Users/prakashpradhan/Documents/java/spring/springCore/src/main/resources
2024-10-07 18:59:50,319 [Worker-40: Building] WARN  o.a.m.s.f.DefaultMavenResourcesFiltering - Using platform encoding (UTF-8 actually) to copy filtered resources, i.e. build is platform dependent!
2024-10-07 18:59:50,319 [Worker-40: Building] INFO  o.a.m.s.f.DefaultMavenResourcesFiltering - skip non existing resourceDirectory /Users/prakashpradhan/Documents/java/spring/springCore/src/test/resources
2024-10-07 19:00:51,424 [Worker-38: Building] WARN  o.a.m.s.f.DefaultMavenResourcesFiltering - Using platform encoding (UTF-8 actually) to copy filtered resources, i.e. build is platform dependent!
2024-10-07 19:00:51,427 [Worker-38: Building] INFO  o.a.m.s.f.DefaultMavenResourcesFiltering - skip non existing resourceDirectory /Users/prakashpradhan/Documents/java/spring/springCore/src/main/resources
2024-10-07 19:00:51,429 [Worker-38: Building] WARN  o.a.m.s.f.DefaultMavenResourcesFiltering - Using platform encoding (UTF-8 actually) to copy filtered resources, i.e. build is platform dependent!
2024-10-07 19:00:51,429 [Worker-38: Building] INFO  o.a.m.s.f.DefaultMavenResourcesFiltering - skip non existing resourceDirectory /Users/prakashpradhan/Documents/java/spring/springCore/src/test/resources
2024-10-07 19:01:38,607 [Worker-37: Building] WARN  o.a.m.s.f.DefaultMavenResourcesFiltering - Using platform encoding (UTF-8 actually) to copy filtered resources, i.e. build is platform dependent!
2024-10-07 19:01:38,608 [Worker-37: Building] INFO  o.a.m.s.f.DefaultMavenResourcesFiltering - skip non existing resourceDirectory /Users/prakashpradhan/Documents/java/spring/springCore/src/main/resources
2024-10-07 19:01:38,609 [Worker-37: Building] WARN  o.a.m.s.f.DefaultMavenResourcesFiltering - Using platform encoding (UTF-8 actually) to copy filtered resources, i.e. build is platform dependent!
2024-10-07 19:01:38,609 [Worker-37: Building] INFO  o.a.m.s.f.DefaultMavenResourcesFiltering - skip non existing resourceDirectory /Users/prakashpradhan/Documents/java/spring/springCore/src/test/resources
2024-10-07 19:01:57,435 [Worker-35: Building] WARN  o.a.m.s.f.DefaultMavenResourcesFiltering - Using platform encoding (UTF-8 actually) to copy filtered resources, i.e. build is platform dependent!
2024-10-07 19:01:57,437 [Worker-35: Building] INFO  o.a.m.s.f.DefaultMavenResourcesFiltering - skip non existing resourceDirectory /Users/prakashpradhan/Documents/java/spring/springCore/src/main/resources
2024-10-07 19:01:57,438 [Worker-35: Building] WARN  o.a.m.s.f.DefaultMavenResourcesFiltering - Using platform encoding (UTF-8 actually) to copy filtered resources, i.e. build is platform dependent!
2024-10-07 19:01:57,439 [Worker-35: Building] INFO  o.a.m.s.f.DefaultMavenResourcesFiltering - skip non existing resourceDirectory /Users/prakashpradhan/Documents/java/spring/springCore/src/test/resources
2024-10-07 19:02:28,596 [Worker-35: Building] WARN  o.a.m.s.f.DefaultMavenResourcesFiltering - Using platform encoding (UTF-8 actually) to copy filtered resources, i.e. build is platform dependent!
2024-10-07 19:02:28,598 [Worker-35: Building] INFO  o.a.m.s.f.DefaultMavenResourcesFiltering - skip non existing resourceDirectory /Users/prakashpradhan/Documents/java/spring/springCore/src/main/resources
2024-10-07 19:02:28,599 [Worker-35: Building] WARN  o.a.m.s.f.DefaultMavenResourcesFiltering - Using platform encoding (UTF-8 actually) to copy filtered resources, i.e. build is platform dependent!
2024-10-07 19:02:28,600 [Worker-35: Building] INFO  o.a.m.s.f.DefaultMavenResourcesFiltering - skip non existing resourceDirectory /Users/prakashpradhan/Documents/java/spring/springCore/src/test/resources
2024-10-07 19:03:03,403 [Worker-40: Building] WARN  o.a.m.s.f.DefaultMavenResourcesFiltering - Using platform encoding (UTF-8 actually) to copy filtered resources, i.e. build is platform dependent!
2024-10-07 19:03:03,405 [Worker-40: Building] INFO  o.a.m.s.f.DefaultMavenResourcesFiltering - skip non existing resourceDirectory /Users/prakashpradhan/Documents/java/spring/springCore/src/main/resources
2024-10-07 19:03:03,407 [Worker-40: Building] WARN  o.a.m.s.f.DefaultMavenResourcesFiltering - Using platform encoding (UTF-8 actually) to copy filtered resources, i.e. build is platform dependent!
2024-10-07 19:03:03,407 [Worker-40: Building] INFO  o.a.m.s.f.DefaultMavenResourcesFiltering - skip non existing resourceDirectory /Users/prakashpradhan/Documents/java/spring/springCore/src/test/resources
2024-10-07 19:03:14,866 [Worker-41: Building] WARN  o.a.m.s.f.DefaultMavenResourcesFiltering - Using platform encoding (UTF-8 actually) to copy filtered resources, i.e. build is platform dependent!
2024-10-07 19:03:14,868 [Worker-41: Building] INFO  o.a.m.s.f.DefaultMavenResourcesFiltering - skip non existing resourceDirectory /Users/prakashpradhan/Documents/java/spring/springCore/src/main/resources
2024-10-07 19:03:14,870 [Worker-41: Building] WARN  o.a.m.s.f.DefaultMavenResourcesFiltering - Using platform encoding (UTF-8 actually) to copy filtered resources, i.e. build is platform dependent!
2024-10-07 19:03:14,870 [Worker-41: Building] INFO  o.a.m.s.f.DefaultMavenResourcesFiltering - skip non existing resourceDirectory /Users/prakashpradhan/Documents/java/spring/springCore/src/test/resources
2024-10-07 19:10:48,963 [Worker-39: Building] WARN  o.a.m.s.f.DefaultMavenResourcesFiltering - Using platform encoding (UTF-8 actually) to copy filtered resources, i.e. build is platform dependent!
2024-10-07 19:10:48,964 [Worker-39: Building] INFO  o.a.m.s.f.DefaultMavenResourcesFiltering - skip non existing resourceDirectory /Users/prakashpradhan/Documents/java/spring/springCore/src/main/resources
2024-10-07 19:10:48,965 [Worker-39: Building] WARN  o.a.m.s.f.DefaultMavenResourcesFiltering - Using platform encoding (UTF-8 actually) to copy filtered resources, i.e. build is platform dependent!
2024-10-07 19:10:48,965 [Worker-39: Building] INFO  o.a.m.s.f.DefaultMavenResourcesFiltering - skip non existing resourceDirectory /Users/prakashpradhan/Documents/java/spring/springCore/src/test/resources
2024-10-07 19:12:19,700 [Worker-39: Building] WARN  o.a.m.s.f.DefaultMavenResourcesFiltering - Using platform encoding (UTF-8 actually) to copy filtered resources, i.e. build is platform dependent!
2024-10-07 19:12:19,701 [Worker-39: Building] INFO  o.a.m.s.f.DefaultMavenResourcesFiltering - skip non existing resourceDirectory /Users/prakashpradhan/Documents/java/spring/springCore/src/main/resources
2024-10-07 19:12:19,703 [Worker-39: Building] WARN  o.a.m.s.f.DefaultMavenResourcesFiltering - Using platform encoding (UTF-8 actually) to copy filtered resources, i.e. build is platform dependent!
2024-10-07 19:12:19,703 [Worker-39: Building] INFO  o.a.m.s.f.DefaultMavenResourcesFiltering - skip non existing resourceDirectory /Users/prakashpradhan/Documents/java/spring/springCore/src/test/resources
2024-10-07 19:12:59,745 [Worker-45: Building] WARN  o.a.m.s.f.DefaultMavenResourcesFiltering - Using platform encoding (UTF-8 actually) to copy filtered resources, i.e. build is platform dependent!
2024-10-07 19:12:59,747 [Worker-45: Building] INFO  o.a.m.s.f.DefaultMavenResourcesFiltering - skip non existing resourceDirectory /Users/prakashpradhan/Documents/java/spring/springCore/src/main/resources
2024-10-07 19:12:59,749 [Worker-45: Building] WARN  o.a.m.s.f.DefaultMavenResourcesFiltering - Using platform encoding (UTF-8 actually) to copy filtered resources, i.e. build is platform dependent!
2024-10-07 19:12:59,749 [Worker-45: Building] INFO  o.a.m.s.f.DefaultMavenResourcesFiltering - skip non existing resourceDirectory /Users/prakashpradhan/Documents/java/spring/springCore/src/test/resources
